#
# There is insufficient memory for the Java Runtime Environment to continue.
# Native memory allocation (malloc) failed to allocate 1803216 bytes for Chunk::new
# Possible reasons:
#   The system is out of physical RAM or swap space
#   The process is running with CompressedOops enabled, and the Java Heap may be blocking the growth of the native heap
# Possible solutions:
#   Reduce memory load on the system
#   Increase physical memory or swap space
#   Check if swap backing store is full
#   Decrease Java heap size (-Xmx/-Xms)
#   Decrease number of Java threads
#   Decrease Java thread stack sizes (-Xss)
#   Set larger code cache with -XX:ReservedCodeCacheSize=
#   JVM is running with Unscaled Compressed Oops mode in which the Java heap is
#     placed in the first 4GB address space. The Java Heap base address is the
#     maximum limit for the native heap growth. Please use -XX:HeapBaseMinAddress
#     to set the Java Heap base and to place the Java Heap above 4GB virtual address.
# This output file may be truncated or incomplete.
#
#  Out of Memory Error (arena.cpp:184), pid=8400, tid=9432
#
# JRE version: Java(TM) SE Runtime Environment (19.0.1+10) (build 19.0.1+10-21)
# Java VM: Java HotSpot(TM) 64-Bit Server VM (19.0.1+10-21, mixed mode, sharing, tiered, compressed oops, compressed class ptrs, g1 gc, windows-amd64)
# No core dump will be written. Minidumps are not enabled by default on client versions of Windows
#

---------------  S U M M A R Y ------------

Command Line: -XX:MaxMetaspaceSize=512m --add-opens=java.base/java.util=ALL-UNNAMED --add-opens=java.base/java.lang=ALL-UNNAMED --add-opens=java.base/java.lang.invoke=ALL-UNNAMED --add-opens=java.prefs/java.util.prefs=ALL-UNNAMED --add-opens=java.base/java.nio.charset=ALL-UNNAMED --add-opens=java.base/java.net=ALL-UNNAMED --add-opens=java.base/java.util.concurrent.atomic=ALL-UNNAMED -Xmx2048m -Dfile.encoding=UTF-8 -Duser.country=IN -Duser.language=en -Duser.variant org.gradle.launcher.daemon.bootstrap.GradleDaemon 8.0.1

Host: AMD Ryzen 5 5500U with Radeon Graphics         , 12 cores, 7G,  Windows 11 , 64 bit Build 22621 (10.0.22621.2215)
Time: Thu Sep  7 10:20:33 2023 India Standard Time elapsed time: 16.660904 seconds (0d 0h 0m 16s)

---------------  T H R E A D  ---------------

Current thread (0x0000021e9c089b90):  JavaThread "C2 CompilerThread2" daemon [_thread_in_native, id=9432, stack(0x000000e83eb00000,0x000000e83ec00000)]


Current CompileTask:
C2:  16661 9634       4       org.gradle.internal.instantiation.generator.AbstractClassGenerator::inspectType (560 bytes)

Stack: [0x000000e83eb00000,0x000000e83ec00000]
Native frames: (J=compiled Java code, j=interpreted, Vv=VM code, C=native code)
V  [jvm.dll+0x6ee8fa]
V  [jvm.dll+0x857a1e]
V  [jvm.dll+0x85940e]
V  [jvm.dll+0x859ac3]
V  [jvm.dll+0x28291f]
V  [jvm.dll+0xc9b5f]
V  [jvm.dll+0xc9ee5]
V  [jvm.dll+0x3bcb72]
V  [jvm.dll+0x1ee12a]
V  [jvm.dll+0x24c41b]
V  [jvm.dll+0x24b671]
V  [jvm.dll+0x1d6d61]
V  [jvm.dll+0x25b0fa]
V  [jvm.dll+0x259588]
V  [jvm.dll+0x807928]
V  [jvm.dll+0x8015fa]
V  [jvm.dll+0x6ed5eb]
C  [ucrtbase.dll+0x29363]
C  [KERNEL32.DLL+0x1257d]
C  [ntdll.dll+0x5aa68]


---------------  P R O C E S S  ---------------

Threads class SMR info:
_java_thread_list=0x0000021e9c9ff8d0, length=185, elements={
0x0000021ef4fb2920, 0x0000021efecc6850, 0x0000021efecc7640, 0x0000021efeccd540,
0x0000021efeccb350, 0x0000021efeccbc80, 0x0000021efecce260, 0x0000021efecceec0,
0x0000021efecd4d40, 0x0000021efece1ae0, 0x0000021efef16ef0, 0x0000021efef17990,
0x0000021efef17ee0, 0x0000021efef18980, 0x0000021efef15460, 0x0000021efef159b0,
0x0000021efef15f00, 0x0000021efef17440, 0x0000021efef169a0, 0x0000021efef16450,
0x0000021e99f0d2d0, 0x0000021e99f10d40, 0x0000021e99f127d0, 0x0000021e99f12d20,
0x0000021e99f0e2c0, 0x0000021e99f0b840, 0x0000021e99f11290, 0x0000021e99f0cd80,
0x0000021e99f0d820, 0x0000021e99f0dd70, 0x0000021e99f117e0, 0x0000021e99f0bd90,
0x0000021e99f102a0, 0x0000021e99f11d30, 0x0000021e99f0ed60, 0x0000021e99f12280,
0x0000021e99f0f2b0, 0x0000021e99f0f800, 0x0000021e99f0fd50, 0x0000021e99f0c830,
0x0000021e99f107f0, 0x0000021e9bd3a040, 0x0000021e9bd39af0, 0x0000021e9abaa9b0,
0x0000021e9bd37b10, 0x0000021e9bd33b50, 0x0000021e9bd37070, 0x0000021e9bd3b580,
0x0000021e9bd365d0, 0x0000021e9bd39050, 0x0000021e9bd395a0, 0x0000021e9bd35b30,
0x0000021e9bd385b0, 0x0000021e9bd3b030, 0x0000021e9bd375c0, 0x0000021e9bd3a590,
0x0000021e9bd35090, 0x0000021e9bd34b40, 0x0000021e9bd340a0, 0x0000021e9bd3aae0,
0x0000021e9bd36080, 0x0000021e9bd38060, 0x0000021e9bd36b20, 0x0000021e9bd345f0,
0x0000021e9bd355e0, 0x0000021e9bd38b00, 0x0000021efef18430, 0x0000021e997ca500,
0x0000021e997caa50, 0x0000021e997ce4c0, 0x0000021e997cafa0, 0x0000021e997cd4d0,
0x0000021e997c8fc0, 0x0000021e997c8a70, 0x0000021e997cca30, 0x0000021e997c9510,
0x0000021e997cc4e0, 0x0000021e997cdf70, 0x0000021e997cb4f0, 0x0000021e997cea10,
0x0000021e997c9fb0, 0x0000021e997ccf80, 0x0000021e997cba40, 0x0000021e997cef60,
0x0000021e997cbf90, 0x0000021e997c9a60, 0x0000021e997cf4b0, 0x0000021e997cfa00,
0x0000021e997cff50, 0x0000021e997c8520, 0x0000021e9c089b90, 0x0000021e9da5bee0,
0x0000021e9da603f0, 0x0000021e9da5eeb0, 0x0000021e9da5c430, 0x0000021e9da613e0,
0x0000021e9da5dec0, 0x0000021e9da5f400, 0x0000021e9da5f950, 0x0000021e9da5fea0,
0x0000021e9da5c980, 0x0000021e9da61930, 0x0000021e9da60940, 0x0000021e9da5e960,
0x0000021e9da61e80, 0x0000021e9da60e90, 0x0000021e9da623d0, 0x0000021e9da5a9a0,
0x0000021e9da5d970, 0x0000021e9da5e410, 0x0000021e9da5aef0, 0x0000021e9da5b440,
0x0000021e9da5b990, 0x0000021e9da5ced0, 0x0000021e9da5d420, 0x0000021e9bdcb5a0,
0x0000021e9bdccae0, 0x0000021e9bdcb050, 0x0000021e9bdcd030, 0x0000021e9bdc75e0,
0x0000021e9bdcd580, 0x0000021e9bdc8b20, 0x0000021e9bdceac0, 0x0000021e9bdcdad0,
0x0000021e9bdc7b30, 0x0000021e9bdca060, 0x0000021e9bdce020, 0x0000021e9bdcc040,
0x0000021e9bdc9070, 0x0000021e9bdc95c0, 0x0000021e9bdca5b0, 0x0000021e9bdcbaf0,
0x0000021e9bdcc590, 0x0000021e9bdcab00, 0x0000021e9bdce570, 0x0000021e9bdc7090,
0x0000021e9bdc9b10, 0x0000021e9bdc8080, 0x0000021e9bdc85d0, 0x0000021e9c6dca40,
0x0000021e9c6dafb0, 0x0000021e9c6def70, 0x0000021e9c6dcf90, 0x0000021e9c6db500,
0x0000021e9c6dbfa0, 0x0000021e9c6dba50, 0x0000021e9c6e0f50, 0x0000021e9c6e0a00,
0x0000021e9c6dc4f0, 0x0000021e9c6e19f0, 0x0000021e9c6ddf80, 0x0000021e9c6dd4e0,
0x0000021e9c6e1f40, 0x0000021e9c6dff60, 0x0000021e9c6dda30, 0x0000021e9c6de4d0,
0x0000021e9c6e14a0, 0x0000021e9c6e2490, 0x0000021e9c6dea20, 0x0000021e9c6df4c0,
0x0000021e9c6dfa10, 0x0000021e9c6daa60, 0x0000021e9c6e04b0, 0x0000021e9d453560,
0x0000021e9d452570, 0x0000021e9d44c5d0, 0x0000021e9d44faf0, 0x0000021e9d450ae0,
0x0000021e9d453ab0, 0x0000021e9d44cb20, 0x0000021e9d450590, 0x0000021e9d44db10,
0x0000021e9d44eb00, 0x0000021e9d451030, 0x0000021e9d451ad0, 0x0000021e9d451580,
0x0000021e9d453010, 0x0000021e9d44d5c0, 0x0000021e9d44d070, 0x0000021e9d452ac0,
0x0000021e9d44f5a0, 0x0000021e9d44e060, 0x0000021e9d450040, 0x0000021e9d452020,
0x0000021e9d454000
}

Java Threads: ( => current thread )
  0x0000021ef4fb2920 JavaThread "main" [_thread_blocked, id=276, stack(0x000000e837f00000,0x000000e838000000)]
  0x0000021efecc6850 JavaThread "Reference Handler" daemon [_thread_blocked, id=6048, stack(0x000000e838600000,0x000000e838700000)]
  0x0000021efecc7640 JavaThread "Finalizer" daemon [_thread_blocked, id=21288, stack(0x000000e838700000,0x000000e838800000)]
  0x0000021efeccd540 JavaThread "Signal Dispatcher" daemon [_thread_blocked, id=5812, stack(0x000000e838800000,0x000000e838900000)]
  0x0000021efeccb350 JavaThread "Attach Listener" daemon [_thread_blocked, id=15092, stack(0x000000e838900000,0x000000e838a00000)]
  0x0000021efeccbc80 JavaThread "Service Thread" daemon [_thread_blocked, id=11656, stack(0x000000e838a00000,0x000000e838b00000)]
  0x0000021efecce260 JavaThread "Monitor Deflation Thread" daemon [_thread_blocked, id=8368, stack(0x000000e838b00000,0x000000e838c00000)]
  0x0000021efecceec0 JavaThread "C2 CompilerThread0" daemon [_thread_in_native, id=13200, stack(0x000000e838c00000,0x000000e838d00000)]
  0x0000021efecd4d40 JavaThread "C1 CompilerThread0" daemon [_thread_blocked, id=16776, stack(0x000000e838d00000,0x000000e838e00000)]
  0x0000021efece1ae0 JavaThread "Sweeper thread" daemon [_thread_blocked, id=1444, stack(0x000000e838e00000,0x000000e838f00000)]
  0x0000021efef16ef0 JavaThread "Common-Cleaner" daemon [_thread_blocked, id=7220, stack(0x000000e838f00000,0x000000e839000000)]
  0x0000021efef17990 JavaThread "Notification Thread" daemon [_thread_blocked, id=14928, stack(0x000000e839000000,0x000000e839100000)]
  0x0000021efef17ee0 JavaThread "Daemon health stats" [_thread_blocked, id=13452, stack(0x000000e839700000,0x000000e839800000)]
  0x0000021efef18980 JavaThread "Incoming local TCP Connector on port 51547" [_thread_in_native, id=7900, stack(0x000000e839800000,0x000000e839900000)]
  0x0000021efef15460 JavaThread "Daemon periodic checks" [_thread_blocked, id=3740, stack(0x000000e839900000,0x000000e839a00000)]
  0x0000021efef159b0 JavaThread "Daemon" [_thread_blocked, id=14692, stack(0x000000e839a00000,0x000000e839b00000)]
  0x0000021efef15f00 JavaThread "Handler for socket connection from /127.0.0.1:51547 to /127.0.0.1:51548" [_thread_in_native, id=7308, stack(0x000000e839b00000,0x000000e839c00000)]
  0x0000021efef17440 JavaThread "Cancel handler" [_thread_blocked, id=12408, stack(0x000000e839c00000,0x000000e839d00000)]
  0x0000021efef169a0 JavaThread "Daemon worker" [_thread_in_vm, id=3624, stack(0x000000e839d00000,0x000000e839e00000)]
  0x0000021efef16450 JavaThread "Asynchronous log dispatcher for DefaultDaemonConnection: socket connection from /127.0.0.1:51547 to /127.0.0.1:51548" [_thread_blocked, id=19960, stack(0x000000e839e00000,0x000000e839f00000)]
  0x0000021e99f0d2d0 JavaThread "Stdin handler" [_thread_blocked, id=3752, stack(0x000000e839f00000,0x000000e83a000000)]
  0x0000021e99f10d40 JavaThread "Daemon client event forwarder" [_thread_blocked, id=16696, stack(0x000000e83a000000,0x000000e83a100000)]
  0x0000021e99f127d0 JavaThread "Cache worker for journal cache (C:\Users\karti\.gradle\caches\journal-1)" [_thread_blocked, id=16200, stack(0x000000e83a100000,0x000000e83a200000)]
  0x0000021e99f12d20 JavaThread "File lock request listener" [_thread_in_native, id=21908, stack(0x000000e83a200000,0x000000e83a300000)]
  0x0000021e99f0e2c0 JavaThread "Cache worker for file hash cache (C:\Users\karti\.gradle\caches\8.0.1\fileHashes)" [_thread_blocked, id=12872, stack(0x000000e839200000,0x000000e839300000)]
  0x0000021e99f0b840 JavaThread "File watcher server" daemon [_thread_in_native, id=6356, stack(0x000000e83aa00000,0x000000e83ab00000)]
  0x0000021e99f11290 JavaThread "File watcher consumer" daemon [_thread_blocked, id=1840, stack(0x000000e83ab00000,0x000000e83ac00000)]
  0x0000021e99f0cd80 JavaThread "Cache worker for checksums cache (E:\react native\Frontend_React_native\android\.gradle\8.0.1\checksums)" [_thread_blocked, id=16416, stack(0x000000e83ae00000,0x000000e83af00000)]
  0x0000021e99f0d820 JavaThread "Cache worker for cache directory md-rule (C:\Users\karti\.gradle\caches\8.0.1\md-rule)" [_thread_blocked, id=19128, stack(0x000000e83af00000,0x000000e83b000000)]
  0x0000021e99f0dd70 JavaThread "Cache worker for file content cache (C:\Users\karti\.gradle\caches\8.0.1\fileContent)" [_thread_blocked, id=4988, stack(0x000000e83b000000,0x000000e83b100000)]
  0x0000021e99f117e0 JavaThread "Cache worker for file hash cache (E:\react native\Frontend_React_native\android\.gradle\8.0.1\fileHashes)" [_thread_blocked, id=15976, stack(0x000000e83b100000,0x000000e83b200000)]
  0x0000021e99f0bd90 JavaThread "Cache worker for cache directory md-supplier (C:\Users\karti\.gradle\caches\8.0.1\md-supplier)" [_thread_blocked, id=3368, stack(0x000000e83b200000,0x000000e83b300000)]
  0x0000021e99f102a0 JavaThread "Cache worker for execution history cache (C:\Users\karti\.gradle\caches\8.0.1\executionHistory)" [_thread_blocked, id=4256, stack(0x000000e83b300000,0x000000e83b400000)]
  0x0000021e99f11d30 JavaThread "jar transforms" [_thread_blocked, id=21636, stack(0x000000e83b400000,0x000000e83b500000)]
  0x0000021e99f0ed60 JavaThread "jar transforms Thread 2" [_thread_blocked, id=9840, stack(0x000000e83b500000,0x000000e83b600000)]
  0x0000021e99f12280 JavaThread "jar transforms Thread 3" [_thread_blocked, id=19924, stack(0x000000e83b600000,0x000000e83b700000)]
  0x0000021e99f0f2b0 JavaThread "jar transforms Thread 4" [_thread_blocked, id=12124, stack(0x000000e83b700000,0x000000e83b800000)]
  0x0000021e99f0f800 JavaThread "Cache worker for kotlin-dsl (C:\Users\karti\.gradle\caches\8.0.1\kotlin-dsl)" [_thread_blocked, id=1932, stack(0x000000e83a900000,0x000000e83aa00000)]
  0x0000021e99f0fd50 JavaThread "jar transforms Thread 5" [_thread_blocked, id=5952, stack(0x000000e83b800000,0x000000e83b900000)]
  0x0000021e99f0c830 JavaThread "jar transforms Thread 6" [_thread_blocked, id=12000, stack(0x000000e83b900000,0x000000e83ba00000)]
  0x0000021e99f107f0 JavaThread "Cache worker for dependencies-accessors (E:\react native\Frontend_React_native\android\.gradle\8.0.1\dependencies-accessors)" [_thread_blocked, id=22004, stack(0x000000e83ba00000,0x000000e83bb00000)]
  0x0000021e9bd3a040 JavaThread "Cache worker for Build Output Cleanup Cache (E:\react native\Frontend_React_native\node_modules\@react-native\gradle-plugin\.gradle\buildOutputCleanup)" [_thread_blocked, id=11272, stack(0x000000e83a800000,0x000000e83a900000)]
  0x0000021e9bd39af0 JavaThread "jar transforms Thread 7" [_thread_blocked, id=12680, stack(0x000000e83bb00000,0x000000e83bc00000)]
  0x0000021e9abaa9b0 JavaThread "C2 CompilerThread1" daemon [_thread_in_native, id=6580, stack(0x000000e83bc00000,0x000000e83bd00000)]
  0x0000021e9bd37b10 JavaThread "Unconstrained build operations" [_thread_blocked, id=14332, stack(0x000000e83bd00000,0x000000e83be00000)]
  0x0000021e9bd33b50 JavaThread "Unconstrained build operations Thread 2" [_thread_blocked, id=21412, stack(0x000000e83be00000,0x000000e83bf00000)]
  0x0000021e9bd37070 JavaThread "Unconstrained build operations Thread 3" [_thread_blocked, id=22056, stack(0x000000e83bf00000,0x000000e83c000000)]
  0x0000021e9bd3b580 JavaThread "Unconstrained build operations Thread 4" [_thread_blocked, id=19016, stack(0x000000e83c000000,0x000000e83c100000)]
  0x0000021e9bd365d0 JavaThread "Unconstrained build operations Thread 5" [_thread_blocked, id=9924, stack(0x000000e83c100000,0x000000e83c200000)]
  0x0000021e9bd39050 JavaThread "Unconstrained build operations Thread 6" [_thread_blocked, id=15968, stack(0x000000e83c200000,0x000000e83c300000)]
  0x0000021e9bd395a0 JavaThread "Unconstrained build operations Thread 7" [_thread_blocked, id=9628, stack(0x000000e83c300000,0x000000e83c400000)]
  0x0000021e9bd35b30 JavaThread "Unconstrained build operations Thread 8" [_thread_blocked, id=3388, stack(0x000000e83c400000,0x000000e83c500000)]
  0x0000021e9bd385b0 JavaThread "Unconstrained build operations Thread 9" [_thread_blocked, id=4640, stack(0x000000e83c500000,0x000000e83c600000)]
  0x0000021e9bd3b030 JavaThread "Unconstrained build operations Thread 10" [_thread_blocked, id=19780, stack(0x000000e83c600000,0x000000e83c700000)]
  0x0000021e9bd375c0 JavaThread "Unconstrained build operations Thread 11" [_thread_blocked, id=19760, stack(0x000000e83c700000,0x000000e83c800000)]
  0x0000021e9bd3a590 JavaThread "Unconstrained build operations Thread 12" [_thread_blocked, id=18272, stack(0x000000e83c800000,0x000000e83c900000)]
  0x0000021e9bd35090 JavaThread "Unconstrained build operations Thread 13" [_thread_blocked, id=4192, stack(0x000000e83c900000,0x000000e83ca00000)]
  0x0000021e9bd34b40 JavaThread "Unconstrained build operations Thread 14" [_thread_blocked, id=2824, stack(0x000000e83ca00000,0x000000e83cb00000)]
  0x0000021e9bd340a0 JavaThread "Unconstrained build operations Thread 15" [_thread_blocked, id=21852, stack(0x000000e83cb00000,0x000000e83cc00000)]
  0x0000021e9bd3aae0 JavaThread "Unconstrained build operations Thread 16" [_thread_blocked, id=312, stack(0x000000e83cc00000,0x000000e83cd00000)]
  0x0000021e9bd36080 JavaThread "Unconstrained build operations Thread 17" [_thread_blocked, id=10944, stack(0x000000e83cd00000,0x000000e83ce00000)]
  0x0000021e9bd38060 JavaThread "Unconstrained build operations Thread 18" [_thread_blocked, id=14540, stack(0x000000e83ce00000,0x000000e83cf00000)]
  0x0000021e9bd36b20 JavaThread "Unconstrained build operations Thread 19" [_thread_blocked, id=20656, stack(0x000000e83cf00000,0x000000e83d000000)]
  0x0000021e9bd345f0 JavaThread "Unconstrained build operations Thread 20" [_thread_blocked, id=17124, stack(0x000000e83d000000,0x000000e83d100000)]
  0x0000021e9bd355e0 JavaThread "Unconstrained build operations Thread 21" [_thread_blocked, id=7108, stack(0x000000e83d100000,0x000000e83d200000)]
  0x0000021e9bd38b00 JavaThread "Unconstrained build operations Thread 22" [_thread_blocked, id=5724, stack(0x000000e83d200000,0x000000e83d300000)]
  0x0000021efef18430 JavaThread "Unconstrained build operations Thread 23" [_thread_blocked, id=20968, stack(0x000000e83d300000,0x000000e83d400000)]
  0x0000021e997ca500 JavaThread "Unconstrained build operations Thread 24" [_thread_blocked, id=14716, stack(0x000000e83d400000,0x000000e83d500000)]
  0x0000021e997caa50 JavaThread "Unconstrained build operations Thread 25" [_thread_blocked, id=6500, stack(0x000000e83d500000,0x000000e83d600000)]
  0x0000021e997ce4c0 JavaThread "Unconstrained build operations Thread 26" [_thread_blocked, id=16116, stack(0x000000e83d600000,0x000000e83d700000)]
  0x0000021e997cafa0 JavaThread "jar transforms Thread 8" [_thread_blocked, id=7064, stack(0x000000e83d700000,0x000000e83d800000)]
  0x0000021e997cd4d0 JavaThread "jar transforms Thread 9" [_thread_blocked, id=21536, stack(0x000000e83d800000,0x000000e83d900000)]
  0x0000021e997c8fc0 JavaThread "jar transforms Thread 10" [_thread_blocked, id=2564, stack(0x000000e83d900000,0x000000e83da00000)]
  0x0000021e997c8a70 JavaThread "jar transforms Thread 11" [_thread_blocked, id=22356, stack(0x000000e83da00000,0x000000e83db00000)]
  0x0000021e997cca30 JavaThread "jar transforms Thread 12" [_thread_blocked, id=14284, stack(0x000000e83db00000,0x000000e83dc00000)]
  0x0000021e997c9510 JavaThread "Memory manager" [_thread_blocked, id=5704, stack(0x000000e83dc00000,0x000000e83dd00000)]
  0x0000021e997cc4e0 JavaThread "Cache worker for Build Output Cleanup Cache (E:\react native\Frontend_React_native\android\.gradle\buildOutputCleanup)" [_thread_blocked, id=9992, stack(0x000000e83dd00000,0x000000e83de00000)]
  0x0000021e997cdf70 JavaThread "included builds" [_thread_blocked, id=21032, stack(0x000000e83de00000,0x000000e83df00000)]
  0x0000021e997cb4f0 JavaThread "Execution worker" [_thread_blocked, id=9632, stack(0x000000e83df00000,0x000000e83e000000)]
  0x0000021e997cea10 JavaThread "Execution worker Thread 2" [_thread_blocked, id=9464, stack(0x000000e83e000000,0x000000e83e100000)]
  0x0000021e997c9fb0 JavaThread "Execution worker Thread 3" [_thread_blocked, id=20512, stack(0x000000e83e100000,0x000000e83e200000)]
  0x0000021e997ccf80 JavaThread "Execution worker Thread 4" [_thread_blocked, id=10256, stack(0x000000e83e200000,0x000000e83e300000)]
  0x0000021e997cba40 JavaThread "Execution worker Thread 5" [_thread_blocked, id=20896, stack(0x000000e83e300000,0x000000e83e400000)]
  0x0000021e997cef60 JavaThread "Execution worker Thread 6" [_thread_blocked, id=19028, stack(0x000000e83e400000,0x000000e83e500000)]
  0x0000021e997cbf90 JavaThread "Execution worker Thread 7" [_thread_blocked, id=20496, stack(0x000000e83e500000,0x000000e83e600000)]
  0x0000021e997c9a60 JavaThread "Execution worker Thread 8" [_thread_blocked, id=7300, stack(0x000000e83e600000,0x000000e83e700000)]
  0x0000021e997cf4b0 JavaThread "Execution worker Thread 9" [_thread_blocked, id=22260, stack(0x000000e83e700000,0x000000e83e800000)]
  0x0000021e997cfa00 JavaThread "Execution worker Thread 10" [_thread_blocked, id=22228, stack(0x000000e83e800000,0x000000e83e900000)]
  0x0000021e997cff50 JavaThread "Execution worker Thread 11" [_thread_blocked, id=17424, stack(0x000000e83e900000,0x000000e83ea00000)]
  0x0000021e997c8520 JavaThread "Cache worker for execution history cache (E:\react native\Frontend_React_native\node_modules\@react-native\gradle-plugin\.gradle\8.0.1\executionHistory)" [_thread_blocked, id=10988, stack(0x000000e83ea00000,0x000000e83eb00000)]
=>0x0000021e9c089b90 JavaThread "C2 CompilerThread2" daemon [_thread_in_native, id=9432, stack(0x000000e83eb00000,0x000000e83ec00000)]
  0x0000021e9da5bee0 JavaThread "Unconstrained build operations Thread 27" [_thread_blocked, id=20004, stack(0x000000e83ec00000,0x000000e83ed00000)]
  0x0000021e9da603f0 JavaThread "Unconstrained build operations Thread 28" [_thread_blocked, id=9564, stack(0x000000e83ed00000,0x000000e83ee00000)]
  0x0000021e9da5eeb0 JavaThread "Unconstrained build operations Thread 29" [_thread_blocked, id=22128, stack(0x000000e83ee00000,0x000000e83ef00000)]
  0x0000021e9da5c430 JavaThread "Unconstrained build operations Thread 30" [_thread_blocked, id=21924, stack(0x000000e83ef00000,0x000000e83f000000)]
  0x0000021e9da613e0 JavaThread "Unconstrained build operations Thread 31" [_thread_blocked, id=21052, stack(0x000000e83f000000,0x000000e83f100000)]
  0x0000021e9da5dec0 JavaThread "Unconstrained build operations Thread 32" [_thread_blocked, id=18448, stack(0x000000e83f100000,0x000000e83f200000)]
  0x0000021e9da5f400 JavaThread "Unconstrained build operations Thread 33" [_thread_blocked, id=2252, stack(0x000000e83f200000,0x000000e83f300000)]
  0x0000021e9da5f950 JavaThread "Unconstrained build operations Thread 34" [_thread_blocked, id=13380, stack(0x000000e83f300000,0x000000e83f400000)]
  0x0000021e9da5fea0 JavaThread "Unconstrained build operations Thread 35" [_thread_blocked, id=11704, stack(0x000000e83f400000,0x000000e83f500000)]
  0x0000021e9da5c980 JavaThread "Unconstrained build operations Thread 36" [_thread_blocked, id=20980, stack(0x000000e83f500000,0x000000e83f600000)]
  0x0000021e9da61930 JavaThread "Unconstrained build operations Thread 37" [_thread_blocked, id=15948, stack(0x000000e83f600000,0x000000e83f700000)]
  0x0000021e9da60940 JavaThread "Unconstrained build operations Thread 38" [_thread_blocked, id=19708, stack(0x000000e83f700000,0x000000e83f800000)]
  0x0000021e9da5e960 JavaThread "Unconstrained build operations Thread 39" [_thread_blocked, id=9596, stack(0x000000e83f800000,0x000000e83f900000)]
  0x0000021e9da61e80 JavaThread "Unconstrained build operations Thread 40" [_thread_blocked, id=3064, stack(0x000000e83f900000,0x000000e83fa00000)]
  0x0000021e9da60e90 JavaThread "Unconstrained build operations Thread 41" [_thread_blocked, id=12804, stack(0x000000e83fa00000,0x000000e83fb00000)]
  0x0000021e9da623d0 JavaThread "Unconstrained build operations Thread 42" [_thread_blocked, id=16436, stack(0x000000e83fb00000,0x000000e83fc00000)]
  0x0000021e9da5a9a0 JavaThread "Unconstrained build operations Thread 43" [_thread_blocked, id=22236, stack(0x000000e83fc00000,0x000000e83fd00000)]
  0x0000021e9da5d970 JavaThread "Unconstrained build operations Thread 44" [_thread_blocked, id=6464, stack(0x000000e83fd00000,0x000000e83fe00000)]
  0x0000021e9da5e410 JavaThread "Unconstrained build operations Thread 45" [_thread_blocked, id=3424, stack(0x000000e83fe00000,0x000000e83ff00000)]
  0x0000021e9da5aef0 JavaThread "Unconstrained build operations Thread 46" [_thread_blocked, id=9784, stack(0x000000e83ff00000,0x000000e840000000)]
  0x0000021e9da5b440 JavaThread "Unconstrained build operations Thread 47" [_thread_blocked, id=21124, stack(0x000000e840000000,0x000000e840100000)]
  0x0000021e9da5b990 JavaThread "Unconstrained build operations Thread 48" [_thread_blocked, id=19448, stack(0x000000e840100000,0x000000e840200000)]
  0x0000021e9da5ced0 JavaThread "Unconstrained build operations Thread 49" [_thread_blocked, id=17044, stack(0x000000e840200000,0x000000e840300000)]
  0x0000021e9da5d420 JavaThread "Unconstrained build operations Thread 50" [_thread_blocked, id=6312, stack(0x000000e840300000,0x000000e840400000)]
  0x0000021e9bdcb5a0 JavaThread "Unconstrained build operations Thread 51" [_thread_blocked, id=21252, stack(0x000000e840400000,0x000000e840500000)]
  0x0000021e9bdccae0 JavaThread "Unconstrained build operations Thread 52" [_thread_blocked, id=2836, stack(0x000000e840500000,0x000000e840600000)]
  0x0000021e9bdcb050 JavaThread "Unconstrained build operations Thread 53" [_thread_blocked, id=19616, stack(0x000000e840600000,0x000000e840700000)]
  0x0000021e9bdcd030 JavaThread "Unconstrained build operations Thread 54" [_thread_blocked, id=13548, stack(0x000000e840700000,0x000000e840800000)]
  0x0000021e9bdc75e0 JavaThread "Unconstrained build operations Thread 55" [_thread_blocked, id=3904, stack(0x000000e840800000,0x000000e840900000)]
  0x0000021e9bdcd580 JavaThread "Unconstrained build operations Thread 56" [_thread_blocked, id=8656, stack(0x000000e840900000,0x000000e840a00000)]
  0x0000021e9bdc8b20 JavaThread "Unconstrained build operations Thread 57" [_thread_blocked, id=13280, stack(0x000000e840a00000,0x000000e840b00000)]
  0x0000021e9bdceac0 JavaThread "Unconstrained build operations Thread 58" [_thread_blocked, id=20012, stack(0x000000e840b00000,0x000000e840c00000)]
  0x0000021e9bdcdad0 JavaThread "Unconstrained build operations Thread 59" [_thread_blocked, id=18264, stack(0x000000e840c00000,0x000000e840d00000)]
  0x0000021e9bdc7b30 JavaThread "Unconstrained build operations Thread 60" [_thread_blocked, id=13272, stack(0x000000e840d00000,0x000000e840e00000)]
  0x0000021e9bdca060 JavaThread "Unconstrained build operations Thread 61" [_thread_blocked, id=14092, stack(0x000000e840e00000,0x000000e840f00000)]
  0x0000021e9bdce020 JavaThread "Unconstrained build operations Thread 62" [_thread_blocked, id=9604, stack(0x000000e840f00000,0x000000e841000000)]
  0x0000021e9bdcc040 JavaThread "Unconstrained build operations Thread 63" [_thread_blocked, id=19368, stack(0x000000e841000000,0x000000e841100000)]
  0x0000021e9bdc9070 JavaThread "Unconstrained build operations Thread 64" [_thread_blocked, id=21956, stack(0x000000e841100000,0x000000e841200000)]
  0x0000021e9bdc95c0 JavaThread "Unconstrained build operations Thread 65" [_thread_blocked, id=10540, stack(0x000000e841200000,0x000000e841300000)]
  0x0000021e9bdca5b0 JavaThread "Unconstrained build operations Thread 66" [_thread_blocked, id=5004, stack(0x000000e841300000,0x000000e841400000)]
  0x0000021e9bdcbaf0 JavaThread "Unconstrained build operations Thread 67" [_thread_blocked, id=15852, stack(0x000000e841400000,0x000000e841500000)]
  0x0000021e9bdcc590 JavaThread "Unconstrained build operations Thread 68" [_thread_blocked, id=8712, stack(0x000000e841500000,0x000000e841600000)]
  0x0000021e9bdcab00 JavaThread "Unconstrained build operations Thread 69" [_thread_blocked, id=7640, stack(0x000000e841600000,0x000000e841700000)]
  0x0000021e9bdce570 JavaThread "Unconstrained build operations Thread 70" [_thread_blocked, id=10020, stack(0x000000e841700000,0x000000e841800000)]
  0x0000021e9bdc7090 JavaThread "Unconstrained build operations Thread 71" [_thread_blocked, id=13872, stack(0x000000e841800000,0x000000e841900000)]
  0x0000021e9bdc9b10 JavaThread "Unconstrained build operations Thread 72" [_thread_blocked, id=9352, stack(0x000000e841900000,0x000000e841a00000)]
  0x0000021e9bdc8080 JavaThread "Unconstrained build operations Thread 73" [_thread_blocked, id=2360, stack(0x000000e841a00000,0x000000e841b00000)]
  0x0000021e9bdc85d0 JavaThread "Unconstrained build operations Thread 74" [_thread_blocked, id=3836, stack(0x000000e841b00000,0x000000e841c00000)]
  0x0000021e9c6dca40 JavaThread "Unconstrained build operations Thread 75" [_thread_blocked, id=1648, stack(0x000000e841c00000,0x000000e841d00000)]
  0x0000021e9c6dafb0 JavaThread "Unconstrained build operations Thread 76" [_thread_blocked, id=19636, stack(0x000000e841d00000,0x000000e841e00000)]
  0x0000021e9c6def70 JavaThread "Unconstrained build operations Thread 77" [_thread_blocked, id=7328, stack(0x000000e841e00000,0x000000e841f00000)]
  0x0000021e9c6dcf90 JavaThread "Unconstrained build operations Thread 78" [_thread_blocked, id=19728, stack(0x000000e841f00000,0x000000e842000000)]
  0x0000021e9c6db500 JavaThread "Unconstrained build operations Thread 79" [_thread_blocked, id=21848, stack(0x000000e842000000,0x000000e842100000)]
  0x0000021e9c6dbfa0 JavaThread "Unconstrained build operations Thread 80" [_thread_blocked, id=5108, stack(0x000000e842100000,0x000000e842200000)]
  0x0000021e9c6dba50 JavaThread "Unconstrained build operations Thread 81" [_thread_blocked, id=5480, stack(0x000000e842200000,0x000000e842300000)]
  0x0000021e9c6e0f50 JavaThread "Unconstrained build operations Thread 82" [_thread_blocked, id=22224, stack(0x000000e842300000,0x000000e842400000)]
  0x0000021e9c6e0a00 JavaThread "Unconstrained build operations Thread 83" [_thread_blocked, id=11352, stack(0x000000e842400000,0x000000e842500000)]
  0x0000021e9c6dc4f0 JavaThread "Unconstrained build operations Thread 84" [_thread_blocked, id=21508, stack(0x000000e842500000,0x000000e842600000)]
  0x0000021e9c6e19f0 JavaThread "Unconstrained build operations Thread 85" [_thread_blocked, id=19196, stack(0x000000e842600000,0x000000e842700000)]
  0x0000021e9c6ddf80 JavaThread "Unconstrained build operations Thread 86" [_thread_blocked, id=22060, stack(0x000000e842700000,0x000000e842800000)]
  0x0000021e9c6dd4e0 JavaThread "Unconstrained build operations Thread 87" [_thread_blocked, id=21684, stack(0x000000e842800000,0x000000e842900000)]
  0x0000021e9c6e1f40 JavaThread "Unconstrained build operations Thread 88" [_thread_blocked, id=3492, stack(0x000000e842900000,0x000000e842a00000)]
  0x0000021e9c6dff60 JavaThread "Unconstrained build operations Thread 89" [_thread_blocked, id=13276, stack(0x000000e842a00000,0x000000e842b00000)]
  0x0000021e9c6dda30 JavaThread "Unconstrained build operations Thread 90" [_thread_blocked, id=22044, stack(0x000000e842b00000,0x000000e842c00000)]
  0x0000021e9c6de4d0 JavaThread "Unconstrained build operations Thread 91" [_thread_blocked, id=20884, stack(0x000000e842c00000,0x000000e842d00000)]
  0x0000021e9c6e14a0 JavaThread "Unconstrained build operations Thread 92" [_thread_blocked, id=3180, stack(0x000000e842d00000,0x000000e842e00000)]
  0x0000021e9c6e2490 JavaThread "Unconstrained build operations Thread 93" [_thread_blocked, id=3896, stack(0x000000e842e00000,0x000000e842f00000)]
  0x0000021e9c6dea20 JavaThread "Unconstrained build operations Thread 94" [_thread_blocked, id=2396, stack(0x000000e842f00000,0x000000e843000000)]
  0x0000021e9c6df4c0 JavaThread "Unconstrained build operations Thread 95" [_thread_blocked, id=7100, stack(0x000000e843000000,0x000000e843100000)]
  0x0000021e9c6dfa10 JavaThread "Unconstrained build operations Thread 96" [_thread_blocked, id=20836, stack(0x000000e843100000,0x000000e843200000)]
  0x0000021e9c6daa60 JavaThread "Unconstrained build operations Thread 97" [_thread_blocked, id=12256, stack(0x000000e843200000,0x000000e843300000)]
  0x0000021e9c6e04b0 JavaThread "Unconstrained build operations Thread 98" [_thread_blocked, id=5616, stack(0x000000e843300000,0x000000e843400000)]
  0x0000021e9d453560 JavaThread "Unconstrained build operations Thread 99" [_thread_blocked, id=12436, stack(0x000000e843400000,0x000000e843500000)]
  0x0000021e9d452570 JavaThread "Unconstrained build operations Thread 100" [_thread_blocked, id=20268, stack(0x000000e843500000,0x000000e843600000)]
  0x0000021e9d44c5d0 JavaThread "Unconstrained build operations Thread 101" [_thread_blocked, id=4424, stack(0x000000e843600000,0x000000e843700000)]
  0x0000021e9d44faf0 JavaThread "Unconstrained build operations Thread 102" [_thread_blocked, id=14912, stack(0x000000e843700000,0x000000e843800000)]
  0x0000021e9d450ae0 JavaThread "Unconstrained build operations Thread 103" [_thread_blocked, id=18284, stack(0x000000e843800000,0x000000e843900000)]
  0x0000021e9d453ab0 JavaThread "Unconstrained build operations Thread 104" [_thread_blocked, id=10064, stack(0x000000e843900000,0x000000e843a00000)]
  0x0000021e9d44cb20 JavaThread "Unconstrained build operations Thread 105" [_thread_blocked, id=22472, stack(0x000000e843a00000,0x000000e843b00000)]
  0x0000021e9d450590 JavaThread "Unconstrained build operations Thread 106" [_thread_blocked, id=9376, stack(0x000000e843b00000,0x000000e843c00000)]
  0x0000021e9d44db10 JavaThread "Unconstrained build operations Thread 107" [_thread_blocked, id=22336, stack(0x000000e843c00000,0x000000e843d00000)]
  0x0000021e9d44eb00 JavaThread "Unconstrained build operations Thread 108" [_thread_blocked, id=14460, stack(0x000000e843d00000,0x000000e843e00000)]
  0x0000021e9d451030 JavaThread "Unconstrained build operations Thread 109" [_thread_blocked, id=22240, stack(0x000000e843e00000,0x000000e843f00000)]
  0x0000021e9d451ad0 JavaThread "Unconstrained build operations Thread 110" [_thread_blocked, id=9848, stack(0x000000e843f00000,0x000000e844000000)]
  0x0000021e9d451580 JavaThread "Unconstrained build operations Thread 111" [_thread_blocked, id=10492, stack(0x000000e844000000,0x000000e844100000)]
  0x0000021e9d453010 JavaThread "Unconstrained build operations Thread 112" [_thread_blocked, id=21512, stack(0x000000e844100000,0x000000e844200000)]
  0x0000021e9d44d5c0 JavaThread "Unconstrained build operations Thread 113" [_thread_blocked, id=6116, stack(0x000000e844200000,0x000000e844300000)]
  0x0000021e9d44d070 JavaThread "Unconstrained build operations Thread 114" [_thread_blocked, id=348, stack(0x000000e844300000,0x000000e844400000)]
  0x0000021e9d452ac0 JavaThread "Unconstrained build operations Thread 115" [_thread_blocked, id=11824, stack(0x000000e844400000,0x000000e844500000)]
  0x0000021e9d44f5a0 JavaThread "Unconstrained build operations Thread 116" [_thread_blocked, id=16052, stack(0x000000e844500000,0x000000e844600000)]
  0x0000021e9d44e060 JavaThread "Unconstrained build operations Thread 117" [_thread_blocked, id=20336, stack(0x000000e844600000,0x000000e844700000)]
  0x0000021e9d450040 JavaThread "Unconstrained build operations Thread 118" [_thread_blocked, id=19984, stack(0x000000e844700000,0x000000e844800000)]
  0x0000021e9d452020 JavaThread "Unconstrained build operations Thread 119" [_thread_blocked, id=13864, stack(0x000000e844800000,0x000000e844900000)]
  0x0000021e9d454000 JavaThread "Unconstrained build operations Thread 120" [_thread_blocked, id=22480, stack(0x000000e844900000,0x000000e844a00000)]

Other Threads:
  0x0000021efecad860 VMThread "VM Thread" [stack: 0x000000e838500000,0x000000e838600000] [id=14916]
  0x0000021efef3de20 WatcherThread "VM Periodic Task Thread" [stack: 0x000000e839100000,0x000000e839200000] [id=7068]
  0x0000021ef50117e0 WorkerThread "GC Thread#0" [stack: 0x000000e838000000,0x000000e838100000] [id=22080]
  0x0000021eff6daae0 WorkerThread "GC Thread#1" [stack: 0x000000e839400000,0x000000e839500000] [id=3944]
  0x0000021eff6dbe90 WorkerThread "GC Thread#2" [stack: 0x000000e839500000,0x000000e839600000] [id=12916]
  0x0000021eff6dc160 WorkerThread "GC Thread#3" [stack: 0x000000e839600000,0x000000e839700000] [id=20964]
  0x0000021eff6db8f0 WorkerThread "GC Thread#4" [stack: 0x000000e839300000,0x000000e839400000] [id=6708]
  0x0000021e9a175c30 WorkerThread "GC Thread#5" [stack: 0x000000e83a300000,0x000000e83a400000] [id=13912]
  0x0000021e9a175f00 WorkerThread "GC Thread#6" [stack: 0x000000e83a400000,0x000000e83a500000] [id=20684]
  0x0000021e9a177580 WorkerThread "GC Thread#7" [stack: 0x000000e83a500000,0x000000e83a600000] [id=10164]
  0x0000021e9a178390 WorkerThread "GC Thread#8" [stack: 0x000000e83a600000,0x000000e83a700000] [id=13324]
  0x0000021e9a177850 WorkerThread "GC Thread#9" [stack: 0x000000e83a700000,0x000000e83a800000] [id=9184]
  0x0000021ef5022740 ConcurrentGCThread "G1 Main Marker" [stack: 0x000000e838100000,0x000000e838200000] [id=16164]
  0x0000021ef5024320 WorkerThread "G1 Conc#0" [stack: 0x000000e838200000,0x000000e838300000] [id=1796]
  0x0000021e9a175960 WorkerThread "G1 Conc#1" [stack: 0x000000e83ac00000,0x000000e83ad00000] [id=22380]
  0x0000021e9a1761d0 WorkerThread "G1 Conc#2" [stack: 0x000000e83ad00000,0x000000e83ae00000] [id=16732]
  0x0000021ef506e050 ConcurrentGCThread "G1 Refine#0" [stack: 0x000000e838300000,0x000000e838400000] [id=10824]
  0x0000021ef506eb90 ConcurrentGCThread "G1 Service" [stack: 0x000000e838400000,0x000000e838500000] [id=300]

Threads with active compile tasks:
C2 CompilerThread0    16692 9756       4       java.util.jar.JarFile::getVersionedEntry (133 bytes)
C2 CompilerThread1    16692 9722       4       java.beans.Introspector::addMethod (196 bytes)
C2 CompilerThread2    16692 9634       4       org.gradle.internal.instantiation.generator.AbstractClassGenerator::inspectType (560 bytes)

VM state: not at safepoint (normal execution)

VM Mutex/Monitor currently owned by a thread: None

Heap address: 0x0000000080000000, size: 2048 MB, Compressed Oops mode: 32-bit

CDS archive(s) mapped at: [0x0000000800000000-0x0000000800c40000-0x0000000800c40000), size 12845056, SharedBaseAddress: 0x0000000800000000, ArchiveRelocationMode: 0.
Compressed class space mapped at: 0x0000000801000000-0x000000081ac00000, reserved size: 432013312
Narrow klass base: 0x0000000800000000, Narrow klass shift: 0, Narrow klass range: 0x100000000

GC Precious Log:
 CardTable entry size: 512
 Card Set container configuration: InlinePtr #cards 5 size 8 Array Of Cards #cards 12 size 40 Howl #buckets 4 coarsen threshold 1843 Howl Bitmap #cards 512 size 80 coarsen threshold 460 Card regions per heap region 1 cards per card region 2048
 CPUs: 12 total, 12 available
 Memory: 7502M
 Large Page Support: Disabled
 NUMA Support: Disabled
 Compressed Oops: Enabled (32-bit)
 Heap Region Size: 1M
 Heap Min Capacity: 8M
 Heap Initial Capacity: 118M
 Heap Max Capacity: 2G
 Pre-touch: Disabled
 Parallel Workers: 10
 Concurrent Workers: 3
 Concurrent Refinement Workers: 10
 Periodic GC: Disabled

Heap:
 garbage-first heap   total 132096K, used 105163K [0x0000000080000000, 0x0000000100000000)
  region size 1024K, 29 young (29696K), 4 survivors (4096K)
 Metaspace       used 77585K, committed 79488K, reserved 552960K
  class space    used 10454K, committed 11456K, reserved 421888K

Heap Regions: E=young(eden), S=young(survivor), O=old, HS=humongous(starts), HC=humongous(continues), CS=collection set, F=free, OA=open archive, CA=closed archive, TAMS=top-at-mark-start (previous, next)
|   0|0x0000000080000000, 0x0000000080100000, 0x0000000080100000|100%|HS|  |TAMS 0x0000000080100000, 0x0000000080000000| Complete 
|   1|0x0000000080100000, 0x0000000080200000, 0x0000000080200000|100%|HC|  |TAMS 0x0000000080200000, 0x0000000080100000| Complete 
|   2|0x0000000080200000, 0x0000000080300000, 0x0000000080300000|100%|HC|  |TAMS 0x0000000080300000, 0x0000000080200000| Complete 
|   3|0x0000000080300000, 0x0000000080400000, 0x0000000080400000|100%|HC|  |TAMS 0x0000000080400000, 0x0000000080300000| Complete 
|   4|0x0000000080400000, 0x0000000080500000, 0x0000000080500000|100%| O|  |TAMS 0x0000000080500000, 0x0000000080400000| Untracked 
|   5|0x0000000080500000, 0x0000000080600000, 0x0000000080600000|100%| O|  |TAMS 0x0000000080600000, 0x0000000080500000| Untracked 
|   6|0x0000000080600000, 0x0000000080700000, 0x0000000080700000|100%| O|  |TAMS 0x0000000080700000, 0x0000000080600000| Untracked 
|   7|0x0000000080700000, 0x0000000080800000, 0x0000000080800000|100%| O|  |TAMS 0x0000000080800000, 0x0000000080700000| Untracked 
|   8|0x0000000080800000, 0x0000000080900000, 0x0000000080900000|100%| O|  |TAMS 0x0000000080900000, 0x0000000080800000| Untracked 
|   9|0x0000000080900000, 0x0000000080a00000, 0x0000000080a00000|100%| O|  |TAMS 0x0000000080a00000, 0x0000000080900000| Untracked 
|  10|0x0000000080a00000, 0x0000000080b00000, 0x0000000080b00000|100%| O|  |TAMS 0x0000000080b00000, 0x0000000080a00000| Untracked 
|  11|0x0000000080b00000, 0x0000000080c00000, 0x0000000080c00000|100%| O|  |TAMS 0x0000000080bd2400, 0x0000000080b00000| Untracked 
|  12|0x0000000080c00000, 0x0000000080d00000, 0x0000000080d00000|100%| O|  |TAMS 0x0000000080d00000, 0x0000000080c00000| Untracked 
|  13|0x0000000080d00000, 0x0000000080e00000, 0x0000000080e00000|100%| O|  |TAMS 0x0000000080e00000, 0x0000000080d00000| Untracked 
|  14|0x0000000080e00000, 0x0000000080f00000, 0x0000000080f00000|100%| O|  |TAMS 0x0000000080f00000, 0x0000000080e00000| Untracked 
|  15|0x0000000080f00000, 0x0000000081000000, 0x0000000081000000|100%| O|  |TAMS 0x0000000081000000, 0x0000000080f00000| Untracked 
|  16|0x0000000081000000, 0x0000000081100000, 0x0000000081100000|100%| O|  |TAMS 0x0000000081100000, 0x0000000081000000| Untracked 
|  17|0x0000000081100000, 0x0000000081200000, 0x0000000081200000|100%| O|  |TAMS 0x0000000081200000, 0x0000000081100000| Untracked 
|  18|0x0000000081200000, 0x0000000081300000, 0x0000000081300000|100%| O|  |TAMS 0x0000000081300000, 0x0000000081200000| Untracked 
|  19|0x0000000081300000, 0x0000000081400000, 0x0000000081400000|100%| O|  |TAMS 0x0000000081400000, 0x0000000081300000| Untracked 
|  20|0x0000000081400000, 0x0000000081500000, 0x0000000081500000|100%| O|  |TAMS 0x0000000081500000, 0x0000000081400000| Untracked 
|  21|0x0000000081500000, 0x0000000081600000, 0x0000000081600000|100%| O|  |TAMS 0x0000000081600000, 0x0000000081500000| Untracked 
|  22|0x0000000081600000, 0x0000000081700000, 0x0000000081700000|100%| O|  |TAMS 0x0000000081700000, 0x0000000081600000| Untracked 
|  23|0x0000000081700000, 0x0000000081800000, 0x0000000081800000|100%| O|  |TAMS 0x0000000081800000, 0x0000000081700000| Untracked 
|  24|0x0000000081800000, 0x0000000081900000, 0x0000000081900000|100%| O|  |TAMS 0x0000000081900000, 0x0000000081800000| Untracked 
|  25|0x0000000081900000, 0x0000000081a00000, 0x0000000081a00000|100%| O|  |TAMS 0x0000000081a00000, 0x0000000081900000| Untracked 
|  26|0x0000000081a00000, 0x0000000081b00000, 0x0000000081b00000|100%| O|  |TAMS 0x0000000081b00000, 0x0000000081a00000| Untracked 
|  27|0x0000000081b00000, 0x0000000081c00000, 0x0000000081c00000|100%| O|  |TAMS 0x0000000081c00000, 0x0000000081b00000| Untracked 
|  28|0x0000000081c00000, 0x0000000081d00000, 0x0000000081d00000|100%| O|  |TAMS 0x0000000081d00000, 0x0000000081c00000| Untracked 
|  29|0x0000000081d00000, 0x0000000081e00000, 0x0000000081e00000|100%| O|  |TAMS 0x0000000081e00000, 0x0000000081d00000| Untracked 
|  30|0x0000000081e00000, 0x0000000081f00000, 0x0000000081f00000|100%|HS|  |TAMS 0x0000000081e00000, 0x0000000081e00000| Complete 
|  31|0x0000000081f00000, 0x0000000082000000, 0x0000000082000000|100%| O|  |TAMS 0x0000000082000000, 0x0000000081f00000| Untracked 
|  32|0x0000000082000000, 0x0000000082100000, 0x0000000082100000|100%| O|  |TAMS 0x0000000082100000, 0x0000000082000000| Untracked 
|  33|0x0000000082100000, 0x0000000082200000, 0x0000000082200000|100%| O|  |TAMS 0x0000000082200000, 0x0000000082100000| Untracked 
|  34|0x0000000082200000, 0x0000000082300000, 0x0000000082300000|100%|HS|  |TAMS 0x0000000082300000, 0x0000000082200000| Complete 
|  35|0x0000000082300000, 0x0000000082400000, 0x0000000082400000|100%|HC|  |TAMS 0x0000000082400000, 0x0000000082300000| Complete 
|  36|0x0000000082400000, 0x0000000082500000, 0x0000000082500000|100%|HS|  |TAMS 0x0000000082500000, 0x0000000082400000| Complete 
|  37|0x0000000082500000, 0x0000000082600000, 0x0000000082600000|100%|HC|  |TAMS 0x0000000082600000, 0x0000000082500000| Complete 
|  38|0x0000000082600000, 0x0000000082700000, 0x0000000082700000|100%|HC|  |TAMS 0x0000000082700000, 0x0000000082600000| Complete 
|  39|0x0000000082700000, 0x0000000082800000, 0x0000000082800000|100%|HC|  |TAMS 0x0000000082800000, 0x0000000082700000| Complete 
|  40|0x0000000082800000, 0x0000000082900000, 0x0000000082900000|100%| O|  |TAMS 0x0000000082800000, 0x0000000082800000| Untracked 
|  41|0x0000000082900000, 0x0000000082a00000, 0x0000000082a00000|100%| O|  |TAMS 0x0000000082900000, 0x0000000082900000| Untracked 
|  42|0x0000000082a00000, 0x0000000082b00000, 0x0000000082b00000|100%| O|  |TAMS 0x0000000082a00000, 0x0000000082a00000| Untracked 
|  43|0x0000000082b00000, 0x0000000082c00000, 0x0000000082c00000|100%| O|  |TAMS 0x0000000082b00000, 0x0000000082b00000| Untracked 
|  44|0x0000000082c00000, 0x0000000082d00000, 0x0000000082d00000|100%| O|  |TAMS 0x0000000082c00000, 0x0000000082c00000| Untracked 
|  45|0x0000000082d00000, 0x0000000082e00000, 0x0000000082e00000|100%| O|  |TAMS 0x0000000082d00000, 0x0000000082d00000| Untracked 
|  46|0x0000000082e00000, 0x0000000082f00000, 0x0000000082f00000|100%| O|  |TAMS 0x0000000082e00000, 0x0000000082e00000| Untracked 
|  47|0x0000000082f00000, 0x0000000083000000, 0x0000000083000000|100%| O|  |TAMS 0x0000000082f00000, 0x0000000082f00000| Untracked 
|  48|0x0000000083000000, 0x0000000083100000, 0x0000000083100000|100%| O|  |TAMS 0x0000000083000000, 0x0000000083000000| Untracked 
|  49|0x0000000083100000, 0x0000000083200000, 0x0000000083200000|100%| O|  |TAMS 0x0000000083100000, 0x0000000083100000| Untracked 
|  50|0x0000000083200000, 0x0000000083300000, 0x0000000083300000|100%| O|  |TAMS 0x0000000083200000, 0x0000000083200000| Untracked 
|  51|0x0000000083300000, 0x0000000083400000, 0x0000000083400000|100%| O|  |TAMS 0x0000000083300000, 0x0000000083300000| Untracked 
|  52|0x0000000083400000, 0x0000000083500000, 0x0000000083500000|100%| O|  |TAMS 0x0000000083400000, 0x0000000083400000| Untracked 
|  53|0x0000000083500000, 0x0000000083600000, 0x0000000083600000|100%| O|  |TAMS 0x0000000083500000, 0x0000000083500000| Untracked 
|  54|0x0000000083600000, 0x0000000083700000, 0x0000000083700000|100%| O|  |TAMS 0x0000000083600000, 0x0000000083600000| Untracked 
|  55|0x0000000083700000, 0x0000000083800000, 0x0000000083800000|100%| O|  |TAMS 0x0000000083700000, 0x0000000083700000| Untracked 
|  56|0x0000000083800000, 0x0000000083900000, 0x0000000083900000|100%| O|  |TAMS 0x0000000083800000, 0x0000000083800000| Untracked 
|  57|0x0000000083900000, 0x0000000083a00000, 0x0000000083a00000|100%| O|  |TAMS 0x0000000083900000, 0x0000000083900000| Untracked 
|  58|0x0000000083a00000, 0x0000000083b00000, 0x0000000083b00000|100%|HS|  |TAMS 0x0000000083a00000, 0x0000000083a00000| Complete 
|  59|0x0000000083b00000, 0x0000000083c00000, 0x0000000083c00000|100%| O|  |TAMS 0x0000000083b00000, 0x0000000083b00000| Untracked 
|  60|0x0000000083c00000, 0x0000000083d00000, 0x0000000083d00000|100%| O|  |TAMS 0x0000000083c00000, 0x0000000083c00000| Untracked 
|  61|0x0000000083d00000, 0x0000000083e00000, 0x0000000083e00000|100%| O|  |TAMS 0x0000000083d00000, 0x0000000083d00000| Untracked 
|  62|0x0000000083e00000, 0x0000000083f00000, 0x0000000083f00000|100%| O|  |TAMS 0x0000000083e00000, 0x0000000083e00000| Untracked 
|  63|0x0000000083f00000, 0x0000000084000000, 0x0000000084000000|100%| O|  |TAMS 0x0000000083f00000, 0x0000000083f00000| Untracked 
|  64|0x0000000084000000, 0x0000000084100000, 0x0000000084100000|100%| O|  |TAMS 0x0000000084000000, 0x0000000084000000| Untracked 
|  65|0x0000000084100000, 0x0000000084200000, 0x0000000084200000|100%| O|  |TAMS 0x0000000084100000, 0x0000000084100000| Untracked 
|  66|0x0000000084200000, 0x0000000084300000, 0x0000000084300000|100%| O|  |TAMS 0x0000000084200000, 0x0000000084200000| Untracked 
|  67|0x0000000084300000, 0x0000000084400000, 0x0000000084400000|100%| O|  |TAMS 0x0000000084300000, 0x0000000084300000| Untracked 
|  68|0x0000000084400000, 0x0000000084500000, 0x0000000084500000|100%| O|  |TAMS 0x0000000084400000, 0x0000000084400000| Untracked 
|  69|0x0000000084500000, 0x0000000084517000, 0x0000000084600000|  8%| O|  |TAMS 0x0000000084500000, 0x0000000084500000| Untracked 
|  70|0x0000000084600000, 0x0000000084600000, 0x0000000084700000|  0%| F|  |TAMS 0x0000000084600000, 0x0000000084600000| Untracked 
|  71|0x0000000084700000, 0x0000000084800000, 0x0000000084800000|100%| O|  |TAMS 0x0000000084700000, 0x0000000084700000| Untracked 
|  72|0x0000000084800000, 0x0000000084900000, 0x0000000084900000|100%| O|  |TAMS 0x0000000084800000, 0x0000000084800000| Untracked 
|  73|0x0000000084900000, 0x0000000084a00000, 0x0000000084a00000|100%| O|  |TAMS 0x0000000084900000, 0x0000000084900000| Untracked 
|  74|0x0000000084a00000, 0x0000000084b00000, 0x0000000084b00000|100%| O|  |TAMS 0x0000000084a00000, 0x0000000084a00000| Untracked 
|  75|0x0000000084b00000, 0x0000000084c00000, 0x0000000084c00000|100%| O|  |TAMS 0x0000000084b00000, 0x0000000084b00000| Untracked 
|  76|0x0000000084c00000, 0x0000000084d00000, 0x0000000084d00000|100%| O|  |TAMS 0x0000000084c00000, 0x0000000084c00000| Untracked 
|  77|0x0000000084d00000, 0x0000000084d00000, 0x0000000084e00000|  0%| F|  |TAMS 0x0000000084d00000, 0x0000000084d00000| Untracked 
|  78|0x0000000084e00000, 0x0000000084e00000, 0x0000000084f00000|  0%| F|  |TAMS 0x0000000084e00000, 0x0000000084e00000| Untracked 
|  79|0x0000000084f00000, 0x0000000084f00000, 0x0000000085000000|  0%| F|  |TAMS 0x0000000084f00000, 0x0000000084f00000| Untracked 
|  80|0x0000000085000000, 0x0000000085000000, 0x0000000085100000|  0%| F|  |TAMS 0x0000000085000000, 0x0000000085000000| Untracked 
|  81|0x0000000085100000, 0x0000000085100000, 0x0000000085200000|  0%| F|  |TAMS 0x0000000085100000, 0x0000000085100000| Untracked 
|  82|0x0000000085200000, 0x0000000085200000, 0x0000000085300000|  0%| F|  |TAMS 0x0000000085200000, 0x0000000085200000| Untracked 
|  83|0x0000000085300000, 0x0000000085300000, 0x0000000085400000|  0%| F|  |TAMS 0x0000000085300000, 0x0000000085300000| Untracked 
|  84|0x0000000085400000, 0x0000000085400000, 0x0000000085500000|  0%| F|  |TAMS 0x0000000085400000, 0x0000000085400000| Untracked 
|  85|0x0000000085500000, 0x0000000085500000, 0x0000000085600000|  0%| F|  |TAMS 0x0000000085500000, 0x0000000085500000| Untracked 
|  86|0x0000000085600000, 0x0000000085600000, 0x0000000085700000|  0%| F|  |TAMS 0x0000000085600000, 0x0000000085600000| Untracked 
|  87|0x0000000085700000, 0x0000000085700000, 0x0000000085800000|  0%| F|  |TAMS 0x0000000085700000, 0x0000000085700000| Untracked 
|  88|0x0000000085800000, 0x0000000085800000, 0x0000000085900000|  0%| F|  |TAMS 0x0000000085800000, 0x0000000085800000| Untracked 
|  89|0x0000000085900000, 0x0000000085900000, 0x0000000085a00000|  0%| F|  |TAMS 0x0000000085900000, 0x0000000085900000| Untracked 
|  90|0x0000000085a00000, 0x0000000085a00000, 0x0000000085b00000|  0%| F|  |TAMS 0x0000000085a00000, 0x0000000085a00000| Untracked 
|  91|0x0000000085b00000, 0x0000000085b00000, 0x0000000085c00000|  0%| F|  |TAMS 0x0000000085b00000, 0x0000000085b00000| Untracked 
|  92|0x0000000085c00000, 0x0000000085c00000, 0x0000000085d00000|  0%| F|  |TAMS 0x0000000085c00000, 0x0000000085c00000| Untracked 
|  93|0x0000000085d00000, 0x0000000085d00000, 0x0000000085e00000|  0%| F|  |TAMS 0x0000000085d00000, 0x0000000085d00000| Untracked 
|  94|0x0000000085e00000, 0x0000000085e00000, 0x0000000085f00000|  0%| F|  |TAMS 0x0000000085e00000, 0x0000000085e00000| Untracked 
|  95|0x0000000085f00000, 0x0000000085f00000, 0x0000000086000000|  0%| F|  |TAMS 0x0000000085f00000, 0x0000000085f00000| Untracked 
|  96|0x0000000086000000, 0x000000008609bf80, 0x0000000086100000| 60%| S|CS|TAMS 0x0000000086000000, 0x0000000086000000| Complete 
|  97|0x0000000086100000, 0x0000000086200000, 0x0000000086200000|100%| S|CS|TAMS 0x0000000086100000, 0x0000000086100000| Complete 
|  98|0x0000000086200000, 0x0000000086200000, 0x0000000086300000|  0%| F|  |TAMS 0x0000000086200000, 0x0000000086200000| Untracked 
|  99|0x0000000086300000, 0x0000000086300000, 0x0000000086400000|  0%| F|  |TAMS 0x0000000086300000, 0x0000000086300000| Untracked 
| 100|0x0000000086400000, 0x0000000086400000, 0x0000000086500000|  0%| F|  |TAMS 0x0000000086400000, 0x0000000086400000| Untracked 
| 101|0x0000000086500000, 0x0000000086600000, 0x0000000086600000|100%| S|CS|TAMS 0x0000000086500000, 0x0000000086500000| Complete 
| 102|0x0000000086600000, 0x0000000086700000, 0x0000000086700000|100%| S|CS|TAMS 0x0000000086600000, 0x0000000086600000| Complete 
| 103|0x0000000086700000, 0x0000000086700000, 0x0000000086800000|  0%| F|  |TAMS 0x0000000086700000, 0x0000000086700000| Untracked 
| 104|0x0000000086800000, 0x00000000868f2b80, 0x0000000086900000| 94%| E|  |TAMS 0x0000000086800000, 0x0000000086800000| Complete 
| 105|0x0000000086900000, 0x0000000086a00000, 0x0000000086a00000|100%| E|CS|TAMS 0x0000000086900000, 0x0000000086900000| Complete 
| 106|0x0000000086a00000, 0x0000000086b00000, 0x0000000086b00000|100%| E|CS|TAMS 0x0000000086a00000, 0x0000000086a00000| Complete 
| 107|0x0000000086b00000, 0x0000000086c00000, 0x0000000086c00000|100%| E|CS|TAMS 0x0000000086b00000, 0x0000000086b00000| Complete 
| 108|0x0000000086c00000, 0x0000000086d00000, 0x0000000086d00000|100%| E|CS|TAMS 0x0000000086c00000, 0x0000000086c00000| Complete 
| 109|0x0000000086d00000, 0x0000000086e00000, 0x0000000086e00000|100%| E|CS|TAMS 0x0000000086d00000, 0x0000000086d00000| Complete 
| 110|0x0000000086e00000, 0x0000000086f00000, 0x0000000086f00000|100%| E|CS|TAMS 0x0000000086e00000, 0x0000000086e00000| Complete 
| 111|0x0000000086f00000, 0x0000000087000000, 0x0000000087000000|100%| E|CS|TAMS 0x0000000086f00000, 0x0000000086f00000| Complete 
| 112|0x0000000087000000, 0x0000000087100000, 0x0000000087100000|100%| E|CS|TAMS 0x0000000087000000, 0x0000000087000000| Complete 
| 113|0x0000000087100000, 0x0000000087200000, 0x0000000087200000|100%| E|CS|TAMS 0x0000000087100000, 0x0000000087100000| Complete 
| 114|0x0000000087200000, 0x0000000087300000, 0x0000000087300000|100%| E|CS|TAMS 0x0000000087200000, 0x0000000087200000| Complete 
| 115|0x0000000087300000, 0x0000000087400000, 0x0000000087400000|100%| E|CS|TAMS 0x0000000087300000, 0x0000000087300000| Complete 
| 116|0x0000000087400000, 0x0000000087500000, 0x0000000087500000|100%| E|CS|TAMS 0x0000000087400000, 0x0000000087400000| Complete 
| 117|0x0000000087500000, 0x0000000087600000, 0x0000000087600000|100%| E|CS|TAMS 0x0000000087500000, 0x0000000087500000| Complete 
| 118|0x0000000087600000, 0x0000000087700000, 0x0000000087700000|100%| E|CS|TAMS 0x0000000087600000, 0x0000000087600000| Complete 
| 119|0x0000000087700000, 0x0000000087800000, 0x0000000087800000|100%| E|CS|TAMS 0x0000000087700000, 0x0000000087700000| Complete 
| 120|0x0000000087800000, 0x0000000087900000, 0x0000000087900000|100%| E|CS|TAMS 0x0000000087800000, 0x0000000087800000| Complete 
| 121|0x0000000087900000, 0x0000000087a00000, 0x0000000087a00000|100%| E|CS|TAMS 0x0000000087900000, 0x0000000087900000| Complete 
| 122|0x0000000087a00000, 0x0000000087b00000, 0x0000000087b00000|100%| E|CS|TAMS 0x0000000087a00000, 0x0000000087a00000| Complete 
| 123|0x0000000087b00000, 0x0000000087c00000, 0x0000000087c00000|100%| E|CS|TAMS 0x0000000087b00000, 0x0000000087b00000| Complete 
| 124|0x0000000087c00000, 0x0000000087d00000, 0x0000000087d00000|100%| E|CS|TAMS 0x0000000087c00000, 0x0000000087c00000| Complete 
| 125|0x0000000087d00000, 0x0000000087e00000, 0x0000000087e00000|100%| E|CS|TAMS 0x0000000087d00000, 0x0000000087d00000| Complete 
| 126|0x0000000087e00000, 0x0000000087f00000, 0x0000000087f00000|100%| E|CS|TAMS 0x0000000087e00000, 0x0000000087e00000| Complete 
| 127|0x0000000087f00000, 0x0000000088000000, 0x0000000088000000|100%| E|CS|TAMS 0x0000000087f00000, 0x0000000087f00000| Complete 
| 128|0x0000000088000000, 0x0000000088100000, 0x0000000088100000|100%| E|CS|TAMS 0x0000000088000000, 0x0000000088000000| Complete 

Card table byte_map: [0x0000021efd860000,0x0000021efdc60000] _byte_map_base: 0x0000021efd460000

Marking Bits (Prev, Next): (CMBitMap*) 0x0000021ef5011e50, (CMBitMap*) 0x0000021ef5011e10
 Prev Bits: [0x0000021e91000000, 0x0000021e93000000)
 Next Bits: [0x0000021e8f000000, 0x0000021e91000000)

Polling page: 0x0000021ef2fa0000

Metaspace:

Usage:
  Non-class:     65.56 MB used.
      Class:     10.21 MB used.
       Both:     75.77 MB used.

Virtual space:
  Non-class space:      128.00 MB reserved,      66.50 MB ( 52%) committed,  2 nodes.
      Class space:      412.00 MB reserved,      11.19 MB (  3%) committed,  1 nodes.
             Both:      540.00 MB reserved,      77.69 MB ( 14%) committed. 

Chunk freelists:
   Non-Class:  767.00 KB
       Class:  871.00 KB
        Both:  1.60 MB

MaxMetaspaceSize: 512.00 MB
CompressedClassSpaceSize: 412.00 MB
Initial GC threshold: 21.00 MB
Current GC threshold: 98.25 MB
CDS: on
MetaspaceReclaimPolicy: balanced
 - commit_granule_bytes: 65536.
 - commit_granule_words: 8192.
 - virtual_space_node_default_size: 8388608.
 - enlarge_chunks_in_place: 1.
 - new_chunks_are_fully_committed: 0.
 - uncommit_free_chunks: 1.
 - use_allocation_guard: 0.


Internal statistics:

num_allocs_failed_limit: 9.
num_arena_births: 3438.
num_arena_deaths: 0.
num_vsnodes_births: 3.
num_vsnodes_deaths: 0.
num_space_committed: 1243.
num_space_uncommitted: 0.
num_chunks_returned_to_freelist: 9.
num_chunks_taken_from_freelist: 6977.
num_chunk_merges: 9.
num_chunk_splits: 4600.
num_chunks_enlarged: 2874.
num_inconsistent_stats: 0.

CodeHeap 'non-profiled nmethods': size=120000Kb used=4530Kb max_used=4854Kb free=115469Kb
 bounds [0x0000021e87ad0000, 0x0000021e87f90000, 0x0000021e8f000000]
CodeHeap 'profiled nmethods': size=120000Kb used=15487Kb max_used=17056Kb free=104513Kb
 bounds [0x0000021e80000000, 0x0000021e810b0000, 0x0000021e87530000]
CodeHeap 'non-nmethods': size=5760Kb used=2483Kb max_used=2540Kb free=3276Kb
 bounds [0x0000021e87530000, 0x0000021e877b0000, 0x0000021e87ad0000]
 total_blobs=9162 nmethods=8230 adapters=841
 compilation: enabled
              stopped_count=0, restarted_count=0
 full_count=0

Compilation events (20 events):
Event: 16.570 Thread 0x0000021efecd4d40 nmethod 9739 0x0000021e80e23f10 code [0x0000021e80e248c0, 0x0000021e80e2bf98]
Event: 16.571 Thread 0x0000021efecd4d40 9740       3       org.codehaus.groovy.util.ComplexKeyHashMap::resize (103 bytes)
Event: 16.571 Thread 0x0000021efecd4d40 nmethod 9740 0x0000021e801ad110 code [0x0000021e801ad2e0, 0x0000021e801ad8b8]
Event: 16.574 Thread 0x0000021efecd4d40 9741   !   3       org.gradle.internal.metaobject.BeanDynamicObject$MetaClassAdapter::lookupProperty (47 bytes)
Event: 16.577 Thread 0x0000021efecd4d40 nmethod 9741 0x0000021e804cc090 code [0x0000021e804cc5e0, 0x0000021e804cf228]
Event: 16.577 Thread 0x0000021efecd4d40 9742       3       org.gradle.internal.metaobject.BeanDynamicObject::access$1000 (4 bytes)
Event: 16.577 Thread 0x0000021efecd4d40 nmethod 9742 0x0000021e8039af90 code [0x0000021e8039b120, 0x0000021e8039b218]
Event: 16.590 Thread 0x0000021efecceec0 nmethod 9672 0x0000021e87ca8390 code [0x0000021e87ca8760, 0x0000021e87cab540]
Event: 16.590 Thread 0x0000021efecceec0 9725       4       java.util.Hashtable$Enumerator::hasNext (5 bytes)
Event: 16.594 Thread 0x0000021efecceec0 nmethod 9725 0x0000021e87e3a590 code [0x0000021e87e3a720, 0x0000021e87e3a9b8]
Event: 16.594 Thread 0x0000021efecceec0 9726   !   4       com.sun.beans.TypeResolver::resolve (268 bytes)
Event: 16.614 Thread 0x0000021efecceec0 nmethod 9726 0x0000021e87af8b10 code [0x0000021e87af8e80, 0x0000021e87afa710]
Event: 16.614 Thread 0x0000021efecceec0 9673       4       java.lang.Class::getMethod0 (31 bytes)
Event: 16.616 Thread 0x0000021efecceec0 nmethod 9673 0x0000021e87eada90 code [0x0000021e87eadc20, 0x0000021e87eade08]
Event: 16.616 Thread 0x0000021efecceec0 9738       4       java.util.Hashtable$Enumerator::nextElement (111 bytes)
Event: 16.618 Thread 0x0000021efecceec0 nmethod 9738 0x0000021e87b53c10 code [0x0000021e87b53da0, 0x0000021e87b540f8]
Event: 16.618 Thread 0x0000021efecceec0 9674   !   4       org.codehaus.groovy.reflection.stdclasses.CachedSAMClass::hasUsableImplementation (72 bytes)
Event: 16.621 Thread 0x0000021efecceec0 nmethod 9674 0x0000021e87d47090 code [0x0000021e87d47260, 0x0000021e87d47768]
Event: 16.621 Thread 0x0000021efecceec0 9721       4       java.lang.reflect.Modifier::toString (185 bytes)
Event: 16.627 Thread 0x0000021efecceec0 nmethod 9721 0x0000021e87ca7090 code [0x0000021e87ca72a0, 0x0000021e87ca7890]

GC Heap History (20 events):
Event: 10.904 GC heap before
{Heap before GC invocations=12 (full 0):
 garbage-first heap   total 132096K, used 96973K [0x0000000080000000, 0x0000000100000000)
  region size 1024K, 63 young (64512K), 1 survivors (1024K)
 Metaspace       used 45161K, committed 46720K, reserved 487424K
  class space    used 6250K, committed 7040K, reserved 421888K
}
Event: 10.908 GC heap after
{Heap after GC invocations=13 (full 0):
 garbage-first heap   total 132096K, used 38425K [0x0000000080000000, 0x0000000100000000)
  region size 1024K, 5 young (5120K), 5 survivors (5120K)
 Metaspace       used 45161K, committed 46720K, reserved 487424K
  class space    used 6250K, committed 7040K, reserved 421888K
}
Event: 11.990 GC heap before
{Heap before GC invocations=13 (full 0):
 garbage-first heap   total 132096K, used 106009K [0x0000000080000000, 0x0000000100000000)
  region size 1024K, 65 young (66560K), 5 survivors (5120K)
 Metaspace       used 53033K, committed 54784K, reserved 487424K
  class space    used 7340K, committed 8256K, reserved 421888K
}
Event: 11.996 GC heap after
{Heap after GC invocations=14 (full 0):
 garbage-first heap   total 132096K, used 49993K [0x0000000080000000, 0x0000000100000000)
  region size 1024K, 9 young (9216K), 9 survivors (9216K)
 Metaspace       used 53033K, committed 54784K, reserved 487424K
  class space    used 7340K, committed 8256K, reserved 421888K
}
Event: 12.672 GC heap before
{Heap before GC invocations=14 (full 0):
 garbage-first heap   total 132096K, used 97097K [0x0000000080000000, 0x0000000100000000)
  region size 1024K, 57 young (58368K), 9 survivors (9216K)
 Metaspace       used 58402K, committed 60096K, reserved 487424K
  class space    used 8010K, committed 8896K, reserved 421888K
}
Event: 12.679 GC heap after
{Heap after GC invocations=15 (full 0):
 garbage-first heap   total 132096K, used 54805K [0x0000000080000000, 0x0000000100000000)
  region size 1024K, 5 young (5120K), 5 survivors (5120K)
 Metaspace       used 58402K, committed 60096K, reserved 487424K
  class space    used 8010K, committed 8896K, reserved 421888K
}
Event: 13.567 GC heap before
{Heap before GC invocations=16 (full 0):
 garbage-first heap   total 132096K, used 104981K [0x0000000080000000, 0x0000000100000000)
  region size 1024K, 54 young (55296K), 5 survivors (5120K)
 Metaspace       used 62265K, committed 64000K, reserved 487424K
  class space    used 8572K, committed 9472K, reserved 421888K
}
Event: 13.572 GC heap after
{Heap after GC invocations=17 (full 0):
 garbage-first heap   total 132096K, used 58699K [0x0000000080000000, 0x0000000100000000)
  region size 1024K, 5 young (5120K), 5 survivors (5120K)
 Metaspace       used 62265K, committed 64000K, reserved 487424K
  class space    used 8572K, committed 9472K, reserved 421888K
}
Event: 13.587 GC heap before
{Heap before GC invocations=17 (full 0):
 garbage-first heap   total 132096K, used 59723K [0x0000000080000000, 0x0000000100000000)
  region size 1024K, 6 young (6144K), 5 survivors (5120K)
 Metaspace       used 62401K, committed 64192K, reserved 487424K
  class space    used 8595K, committed 9536K, reserved 421888K
}
Event: 13.591 GC heap after
{Heap after GC invocations=18 (full 0):
 garbage-first heap   total 132096K, used 59194K [0x0000000080000000, 0x0000000100000000)
  region size 1024K, 1 young (1024K), 1 survivors (1024K)
 Metaspace       used 62401K, committed 64192K, reserved 487424K
  class space    used 8595K, committed 9536K, reserved 421888K
}
Event: 14.397 GC heap before
{Heap before GC invocations=18 (full 0):
 garbage-first heap   total 132096K, used 105274K [0x0000000080000000, 0x0000000100000000)
  region size 1024K, 47 young (48128K), 1 survivors (1024K)
 Metaspace       used 66267K, committed 68096K, reserved 487424K
  class space    used 9131K, committed 10048K, reserved 421888K
}
Event: 14.402 GC heap after
{Heap after GC invocations=19 (full 0):
 garbage-first heap   total 132096K, used 63601K [0x0000000080000000, 0x0000000100000000)
  region size 1024K, 6 young (6144K), 6 survivors (6144K)
 Metaspace       used 66267K, committed 68096K, reserved 487424K
  class space    used 9131K, committed 10048K, reserved 421888K
}
Event: 15.188 GC heap before
{Heap before GC invocations=19 (full 0):
 garbage-first heap   total 132096K, used 106609K [0x0000000080000000, 0x0000000100000000)
  region size 1024K, 47 young (48128K), 6 survivors (6144K)
 Metaspace       used 69701K, committed 71552K, reserved 487424K
  class space    used 9491K, committed 10432K, reserved 421888K
}
Event: 15.193 GC heap after
{Heap after GC invocations=20 (full 0):
 garbage-first heap   total 132096K, used 70737K [0x0000000080000000, 0x0000000100000000)
  region size 1024K, 6 young (6144K), 6 survivors (6144K)
 Metaspace       used 69701K, committed 71552K, reserved 487424K
  class space    used 9491K, committed 10432K, reserved 421888K
}
Event: 15.718 GC heap before
{Heap before GC invocations=20 (full 0):
 garbage-first heap   total 132096K, used 111697K [0x0000000080000000, 0x0000000100000000)
  region size 1024K, 40 young (40960K), 6 survivors (6144K)
 Metaspace       used 72878K, committed 74816K, reserved 487424K
  class space    used 9874K, committed 10880K, reserved 421888K
}
Event: 15.723 GC heap after
{Heap after GC invocations=21 (full 0):
 garbage-first heap   total 132096K, used 76340K [0x0000000080000000, 0x0000000100000000)
  region size 1024K, 5 young (5120K), 5 survivors (5120K)
 Metaspace       used 72878K, committed 74816K, reserved 487424K
  class space    used 9874K, committed 10880K, reserved 421888K
}
Event: 16.103 GC heap before
{Heap before GC invocations=21 (full 0):
 garbage-first heap   total 132096K, used 105012K [0x0000000080000000, 0x0000000100000000)
  region size 1024K, 33 young (33792K), 5 survivors (5120K)
 Metaspace       used 75586K, committed 77504K, reserved 552960K
  class space    used 10172K, committed 11136K, reserved 421888K
}
Event: 16.107 GC heap after
{Heap after GC invocations=22 (full 0):
 garbage-first heap   total 132096K, used 79068K [0x0000000080000000, 0x0000000100000000)
  region size 1024K, 3 young (3072K), 3 survivors (3072K)
 Metaspace       used 75586K, committed 77504K, reserved 552960K
  class space    used 10172K, committed 11136K, reserved 421888K
}
Event: 16.424 GC heap before
{Heap before GC invocations=22 (full 0):
 garbage-first heap   total 132096K, used 106716K [0x0000000080000000, 0x0000000100000000)
  region size 1024K, 29 young (29696K), 3 survivors (3072K)
 Metaspace       used 77336K, committed 79232K, reserved 552960K
  class space    used 10429K, committed 11392K, reserved 421888K
}
Event: 16.428 GC heap after
{Heap after GC invocations=23 (full 0):
 garbage-first heap   total 132096K, used 80587K [0x0000000080000000, 0x0000000100000000)
  region size 1024K, 4 young (4096K), 4 survivors (4096K)
 Metaspace       used 77336K, committed 79232K, reserved 552960K
  class space    used 10429K, committed 11392K, reserved 421888K
}

Dll operation events (13 events):
Event: 0.008 Loaded shared library C:\Program Files\Java\jdk-19\bin\java.dll
Event: 0.032 Loaded shared library C:\Program Files\Java\jdk-19\bin\jsvml.dll
Event: 0.068 Loaded shared library C:\Program Files\Java\jdk-19\bin\net.dll
Event: 0.070 Loaded shared library C:\Program Files\Java\jdk-19\bin\nio.dll
Event: 0.074 Loaded shared library C:\Program Files\Java\jdk-19\bin\zip.dll
Event: 0.241 Loaded shared library C:\Program Files\Java\jdk-19\bin\jimage.dll
Event: 0.298 Loaded shared library C:\Program Files\Java\jdk-19\bin\verify.dll
Event: 0.484 Loaded shared library C:\Users\karti\.gradle\native\68d5fa5c4cc2d200863cafc0d521ce42e7d3e7ee720ec0a83991735586a16f82\windows-amd64\native-platform.dll
Event: 0.500 Loaded shared library C:\Users\karti\.gradle\native\e376f236ea51e6404a007f0833ffe2c6e607c4080706a723a18a27aeea778392\windows-amd64\native-platform-file-events.dll
Event: 1.459 Loaded shared library C:\Program Files\Java\jdk-19\bin\management.dll
Event: 1.462 Loaded shared library C:\Program Files\Java\jdk-19\bin\management_ext.dll
Event: 1.654 Loaded shared library C:\Program Files\Java\jdk-19\bin\extnet.dll
Event: 1.825 Loaded shared library C:\Program Files\Java\jdk-19\bin\sunmscapi.dll

Deoptimization events (20 events):
Event: 16.229 Thread 0x0000021efef169a0 Uncommon trap: trap_request=0xffffff45 fr.pc=0x0000021e87bc879c relative=0x00000000000004dc
Event: 16.229 Thread 0x0000021efef169a0 Uncommon trap: reason=unstable_if action=reinterpret pc=0x0000021e87bc879c method=java.lang.AbstractStringBuilder.appendChars(Ljava/lang/String;II)V @ 11 c2
Event: 16.229 Thread 0x0000021efef169a0 DEOPT PACKING pc=0x0000021e87bc879c sp=0x000000e839df5f90
Event: 16.229 Thread 0x0000021efef169a0 DEOPT UNPACKING pc=0x0000021e87596da3 sp=0x000000e839df5e78 mode 2
Event: 16.303 Thread 0x0000021efef169a0 DEOPT PACKING pc=0x0000021e80b93e0d sp=0x000000e839df73f0
Event: 16.303 Thread 0x0000021efef169a0 DEOPT UNPACKING pc=0x0000021e87597543 sp=0x000000e839df6918 mode 0
Event: 16.304 Thread 0x0000021efef169a0 Uncommon trap: trap_request=0xffffffde fr.pc=0x0000021e87d69074 relative=0x0000000000000254
Event: 16.304 Thread 0x0000021efef169a0 Uncommon trap: reason=class_check action=maybe_recompile pc=0x0000021e87d69074 method=java.util.stream.StreamOpFlag.fromCharacteristics(Ljava/util/Spliterator;)I @ 14 c2
Event: 16.305 Thread 0x0000021efef169a0 DEOPT PACKING pc=0x0000021e87d69074 sp=0x000000e839df7cb0
Event: 16.305 Thread 0x0000021efef169a0 DEOPT UNPACKING pc=0x0000021e87596da3 sp=0x000000e839df7b98 mode 2
Event: 16.307 Thread 0x0000021efef169a0 Uncommon trap: trap_request=0xffffffde fr.pc=0x0000021e87d69074 relative=0x0000000000000254
Event: 16.307 Thread 0x0000021efef169a0 Uncommon trap: reason=class_check action=maybe_recompile pc=0x0000021e87d69074 method=java.util.stream.StreamOpFlag.fromCharacteristics(Ljava/util/Spliterator;)I @ 14 c2
Event: 16.307 Thread 0x0000021efef169a0 DEOPT PACKING pc=0x0000021e87d69074 sp=0x000000e839df7cb0
Event: 16.307 Thread 0x0000021efef169a0 DEOPT UNPACKING pc=0x0000021e87596da3 sp=0x000000e839df7b98 mode 2
Event: 16.309 Thread 0x0000021efef169a0 DEOPT PACKING pc=0x0000021e807dfbdd sp=0x000000e839df7a00
Event: 16.309 Thread 0x0000021efef169a0 DEOPT UNPACKING pc=0x0000021e87597543 sp=0x000000e839df6fb0 mode 0
Event: 16.365 Thread 0x0000021efef169a0 Uncommon trap: trap_request=0xffffff45 fr.pc=0x0000021e87b461f0 relative=0x0000000000000430
Event: 16.365 Thread 0x0000021efef169a0 Uncommon trap: reason=unstable_if action=reinterpret pc=0x0000021e87b461f0 method=java.util.StringJoiner.add(Ljava/lang/CharSequence;)Ljava/util/StringJoiner; @ 33 c2
Event: 16.365 Thread 0x0000021efef169a0 DEOPT PACKING pc=0x0000021e87b461f0 sp=0x000000e839df74d0
Event: 16.365 Thread 0x0000021efef169a0 DEOPT UNPACKING pc=0x0000021e87596da3 sp=0x000000e839df7480 mode 2

Classes loaded (20 events):
Event: 16.055 Loading class javax/xml/stream/XMLStreamException
Event: 16.055 Loading class javax/xml/stream/XMLStreamException done
Event: 16.073 Loading class sun/reflect/annotation/AnnotationInvocationHandler$1
Event: 16.074 Loading class sun/reflect/annotation/AnnotationInvocationHandler$1 done
Event: 16.139 Loading class java/util/concurrent/atomic/AtomicIntegerArray
Event: 16.140 Loading class java/util/concurrent/atomic/AtomicIntegerArray done
Event: 16.141 Loading class java/util/Currency
Event: 16.142 Loading class java/util/Currency done
Event: 16.144 Loading class java/util/concurrent/atomic/AtomicLongArray
Event: 16.145 Loading class java/util/concurrent/atomic/AtomicLongArray done
Event: 16.159 Loading class sun/reflect/generics/repository/FieldRepository
Event: 16.160 Loading class sun/reflect/generics/repository/FieldRepository done
Event: 16.170 Loading class jdk/internal/vm/annotation/ForceInline
Event: 16.170 Loading class jdk/internal/vm/annotation/ForceInline done
Event: 16.229 Loading class java/util/regex/Pattern$Caret
Event: 16.230 Loading class java/util/regex/Pattern$Caret done
Event: 16.302 Loading class java/util/regex/Pattern$Pos
Event: 16.302 Loading class java/util/regex/Pattern$Pos done
Event: 16.461 Loading class java/beans/IntrospectionException
Event: 16.461 Loading class java/beans/IntrospectionException done

Classes unloaded (0 events):
No events

Classes redefined (0 events):
No events

Internal exceptions (20 events):
Event: 16.533 Thread 0x0000021efef169a0 Exception <a 'java/lang/ClassNotFoundException'{0x0000000086ee2f78}: com/android/build/gradle/internal/dsl/BuildType$AgpDecoratedBeanInfo> (0x0000000086ee2f78) 
thrown [s\open\src\hotspot\share\classfile\systemDictionary.cpp, line 255]
Event: 16.533 Thread 0x0000021efef169a0 Exception <a 'java/lang/ClassNotFoundException'{0x0000000086ef0b08}: com/android/build/gradle/internal/dsl/BuildTypeBeanInfo> (0x0000000086ef0b08) 
thrown [s\open\src\hotspot\share\classfile\systemDictionary.cpp, line 255]
Event: 16.533 Thread 0x0000021efef169a0 Exception <a 'java/lang/ClassNotFoundException'{0x0000000086efe5b0}: com/android/builder/core/AbstractBuildTypeBeanInfo> (0x0000000086efe5b0) 
thrown [s\open\src\hotspot\share\classfile\systemDictionary.cpp, line 255]
Event: 16.533 Thread 0x0000021efef169a0 Exception <a 'java/lang/ClassNotFoundException'{0x0000000086d0c5a0}: com/android/builder/core/AbstractBuildTypeCustomizer> (0x0000000086d0c5a0) 
thrown [s\open\src\hotspot\share\classfile\systemDictionary.cpp, line 255]
Event: 16.535 Thread 0x0000021efef169a0 Exception <a 'java/lang/ClassNotFoundException'{0x0000000086d365e0}: com/android/build/gradle/internal/dsl/BuildTypeCustomizer> (0x0000000086d365e0) 
thrown [s\open\src\hotspot\share\classfile\systemDictionary.cpp, line 255]
Event: 16.538 Thread 0x0000021efef169a0 Exception <a 'java/lang/ClassNotFoundException'{0x0000000086dbc6e0}: com/android/build/gradle/internal/dsl/BuildType$AgpDecoratedCustomizer> (0x0000000086dbc6e0) 
thrown [s\open\src\hotspot\share\classfile\systemDictionary.cpp, line 255]
Event: 16.540 Thread 0x0000021efef169a0 Exception <a 'java/lang/ClassNotFoundException'{0x0000000086c0dcc8}: com/android/build/gradle/internal/dsl/BuildType$AgpDecorated_DecoratedCustomizer> (0x0000000086c0dcc8) 
thrown [s\open\src\hotspot\share\classfile\systemDictionary.cpp, line 255]
Event: 16.546 Thread 0x0000021efef169a0 Exception <a 'java/lang/NoSuchMethodError'{0x0000000086cdef80}: 'void java.lang.invoke.DirectMethodHandle$Holder.invokeVirtual(java.lang.Object, java.lang.Object, int)'> (0x0000000086cdef80) 
thrown [s\open\src\hotspot\share\interpreter\linkResolver.cpp, line 774]
Event: 16.549 Thread 0x0000021efef169a0 Exception <a 'java/lang/ClassNotFoundException'{0x0000000086b00ed8}: build_bf5bty7ldovaitsj6rw9l5b4z$_run_closure2$_closure6BeanInfo> (0x0000000086b00ed8) 
thrown [s\open\src\hotspot\share\classfile\systemDictionary.cpp, line 255]
Event: 16.549 Thread 0x0000021efef169a0 Exception <a 'java/lang/ClassNotFoundException'{0x0000000086b0b310}: build_bf5bty7ldovaitsj6rw9l5b4z$_run_closure2$_closure6Customizer> (0x0000000086b0b310) 
thrown [s\open\src\hotspot\share\classfile\systemDictionary.cpp, line 255]
Event: 16.562 Thread 0x0000021efef169a0 Exception <a 'java/lang/ClassNotFoundException'{0x0000000086bec7b0}: org/gradle/api/internal/artifacts/dependencies/DefaultExternalModuleDependency_DecoratedBeanInfo> (0x0000000086bec7b0) 
thrown [s\open\src\hotspot\share\classfile\systemDictionary.cpp, line 255]
Event: 16.562 Thread 0x0000021efef169a0 Exception <a 'java/lang/ClassNotFoundException'{0x0000000086a05f08}: org/gradle/api/internal/artifacts/dependencies/DefaultExternalModuleDependencyBeanInfo> (0x0000000086a05f08) 
thrown [s\open\src\hotspot\share\classfile\systemDictionary.cpp, line 255]
Event: 16.563 Thread 0x0000021efef169a0 Exception <a 'java/lang/ClassNotFoundException'{0x0000000086a1f3f0}: org/gradle/api/internal/artifacts/dependencies/AbstractExternalModuleDependencyBeanInfo> (0x0000000086a1f3f0) 
thrown [s\open\src\hotspot\share\classfile\systemDictionary.cpp, line 255]
Event: 16.563 Thread 0x0000021efef169a0 Exception <a 'java/lang/ClassNotFoundException'{0x0000000086a354e8}: org/gradle/api/internal/artifacts/dependencies/AbstractModuleDependencyBeanInfo> (0x0000000086a354e8) 
thrown [s\open\src\hotspot\share\classfile\systemDictionary.cpp, line 255]
Event: 16.564 Thread 0x0000021efef169a0 Exception <a 'java/lang/ClassNotFoundException'{0x0000000086a4b3a8}: org/gradle/api/internal/artifacts/dependencies/AbstractDependencyBeanInfo> (0x0000000086a4b3a8) 
thrown [s\open\src\hotspot\share\classfile\systemDictionary.cpp, line 255]
Event: 16.565 Thread 0x0000021efef169a0 Exception <a 'java/lang/ClassNotFoundException'{0x0000000086a61268}: org/gradle/api/internal/artifacts/dependencies/AbstractDependencyCustomizer> (0x0000000086a61268) 
thrown [s\open\src\hotspot\share\classfile\systemDictionary.cpp, line 255]
Event: 16.566 Thread 0x0000021efef169a0 Exception <a 'java/lang/ClassNotFoundException'{0x0000000086a7ac48}: org/gradle/api/internal/artifacts/dependencies/AbstractModuleDependencyCustomizer> (0x0000000086a7ac48) 
thrown [s\open\src\hotspot\share\classfile\systemDictionary.cpp, line 255]
Event: 16.567 Thread 0x0000021efef169a0 Exception <a 'java/lang/ClassNotFoundException'{0x0000000086aafb98}: org/gradle/api/internal/artifacts/dependencies/AbstractExternalModuleDependencyCustomizer> (0x0000000086aafb98) 
thrown [s\open\src\hotspot\share\classfile\systemDictionary.cpp, line 255]
Event: 16.568 Thread 0x0000021efef169a0 Exception <a 'java/lang/ClassNotFoundException'{0x0000000086ad8e20}: org/gradle/api/internal/artifacts/dependencies/DefaultExternalModuleDependencyCustomizer> (0x0000000086ad8e20) 
thrown [s\open\src\hotspot\share\classfile\systemDictionary.cpp, line 255]
Event: 16.569 Thread 0x0000021efef169a0 Exception <a 'java/lang/ClassNotFoundException'{0x0000000086afdbb8}: org/gradle/api/internal/artifacts/dependencies/DefaultExternalModuleDependency_DecoratedCustomizer> (0x0000000086afdbb8) 
thrown [s\open\src\hotspot\share\classfile\systemDictionary.cpp, line 255]

VM Operations (20 events):
Event: 15.062 Executing VM operation: ICBufferFull
Event: 15.062 Executing VM operation: ICBufferFull done
Event: 15.188 Executing VM operation: G1CollectForAllocation
Event: 15.193 Executing VM operation: G1CollectForAllocation done
Event: 15.382 Executing VM operation: HandshakeAllThreads
Event: 15.383 Executing VM operation: HandshakeAllThreads done
Event: 15.448 Executing VM operation: HandshakeAllThreads
Event: 15.449 Executing VM operation: HandshakeAllThreads done
Event: 15.718 Executing VM operation: G1CollectForAllocation
Event: 15.723 Executing VM operation: G1CollectForAllocation done
Event: 16.095 Executing VM operation: HandshakeAllThreads
Event: 16.095 Executing VM operation: HandshakeAllThreads done
Event: 16.103 Executing VM operation: G1CollectForAllocation
Event: 16.107 Executing VM operation: G1CollectForAllocation done
Event: 16.152 Executing VM operation: HandshakeAllThreads
Event: 16.153 Executing VM operation: HandshakeAllThreads done
Event: 16.169 Executing VM operation: HandshakeAllThreads
Event: 16.170 Executing VM operation: HandshakeAllThreads done
Event: 16.424 Executing VM operation: G1CollectForAllocation
Event: 16.429 Executing VM operation: G1CollectForAllocation done

Events (20 events):
Event: 16.183 Thread 0x0000021efece1ae0 flushing nmethod 0x0000021e80f4aa90
Event: 16.183 Thread 0x0000021efece1ae0 flushing nmethod 0x0000021e80f50e10
Event: 16.183 Thread 0x0000021efece1ae0 flushing nmethod 0x0000021e80f6a710
Event: 16.183 Thread 0x0000021efece1ae0 flushing nmethod 0x0000021e80f98390
Event: 16.183 Thread 0x0000021efece1ae0 flushing nmethod 0x0000021e80f98f90
Event: 16.183 Thread 0x0000021efece1ae0 flushing nmethod 0x0000021e80f99790
Event: 16.183 Thread 0x0000021efece1ae0 flushing nmethod 0x0000021e80fa4b10
Event: 16.183 Thread 0x0000021efece1ae0 flushing nmethod 0x0000021e80fa5110
Event: 16.183 Thread 0x0000021efece1ae0 flushing nmethod 0x0000021e80fa5690
Event: 16.183 Thread 0x0000021efece1ae0 flushing nmethod 0x0000021e80fa5d10
Event: 16.183 Thread 0x0000021efece1ae0 flushing nmethod 0x0000021e80fa8310
Event: 16.183 Thread 0x0000021efece1ae0 flushing nmethod 0x0000021e80fa9a10
Event: 16.183 Thread 0x0000021efece1ae0 flushing nmethod 0x0000021e80faa310
Event: 16.183 Thread 0x0000021efece1ae0 flushing nmethod 0x0000021e80fad790
Event: 16.183 Thread 0x0000021efece1ae0 flushing nmethod 0x0000021e80fb3a10
Event: 16.183 Thread 0x0000021efece1ae0 flushing nmethod 0x0000021e80fb5310
Event: 16.184 Thread 0x0000021efece1ae0 flushing nmethod 0x0000021e80fda390
Event: 16.184 Thread 0x0000021efece1ae0 flushing nmethod 0x0000021e80fee310
Event: 16.184 Thread 0x0000021efece1ae0 flushing nmethod 0x0000021e80fef510
Event: 16.184 Thread 0x0000021efece1ae0 flushing nmethod 0x0000021e80ff1d90


Dynamic libraries:
0x00007ff6fa250000 - 0x00007ff6fa260000 	C:\Program Files\Java\jdk-19\bin\java.exe
0x00007ffcbb670000 - 0x00007ffcbb884000 	C:\WINDOWS\SYSTEM32\ntdll.dll
0x00007ffcb9b60000 - 0x00007ffcb9c24000 	C:\WINDOWS\System32\KERNEL32.DLL
0x00007ffcb8d80000 - 0x00007ffcb9124000 	C:\WINDOWS\System32\KERNELBASE.dll
0x00007ffcb8c30000 - 0x00007ffcb8d41000 	C:\WINDOWS\System32\ucrtbase.dll
0x00007ffc9ee50000 - 0x00007ffc9ee68000 	C:\Program Files\Java\jdk-19\bin\jli.dll
0x00007ffc99dc0000 - 0x00007ffc99ddb000 	C:\Program Files\Java\jdk-19\bin\VCRUNTIME140.dll
0x00007ffcbb550000 - 0x00007ffcbb600000 	C:\WINDOWS\System32\ADVAPI32.dll
0x00007ffcb9870000 - 0x00007ffcb9917000 	C:\WINDOWS\System32\msvcrt.dll
0x00007ffcba490000 - 0x00007ffcba536000 	C:\WINDOWS\System32\sechost.dll
0x00007ffcb9ea0000 - 0x00007ffcb9fb7000 	C:\WINDOWS\System32\RPCRT4.dll
0x00007ffcb9490000 - 0x00007ffcb963e000 	C:\WINDOWS\System32\USER32.dll
0x00007ffcb8d50000 - 0x00007ffcb8d76000 	C:\WINDOWS\System32\win32u.dll
0x00007ffc9b0a0000 - 0x00007ffc9b333000 	C:\WINDOWS\WinSxS\amd64_microsoft.windows.common-controls_6595b64144ccf1df_6.0.22621.2215_none_270d72677387dfc3\COMCTL32.dll
0x00007ffcbb600000 - 0x00007ffcbb629000 	C:\WINDOWS\System32\GDI32.dll
0x00007ffcb9130000 - 0x00007ffcb9248000 	C:\WINDOWS\System32\gdi32full.dll
0x00007ffcb8a20000 - 0x00007ffcb8aba000 	C:\WINDOWS\System32\msvcp_win.dll
0x00007ffcb63e0000 - 0x00007ffcb63ea000 	C:\WINDOWS\SYSTEM32\VERSION.dll
0x00007ffcb9d80000 - 0x00007ffcb9db1000 	C:\WINDOWS\System32\IMM32.DLL
0x00007ffcb1840000 - 0x00007ffcb184c000 	C:\Program Files\Java\jdk-19\bin\vcruntime140_1.dll
0x00007ffc7a760000 - 0x00007ffc7a7ee000 	C:\Program Files\Java\jdk-19\bin\msvcp140.dll
0x00007ffc51ee0000 - 0x00007ffc52ba0000 	C:\Program Files\Java\jdk-19\bin\server\jvm.dll
0x00007ffc94090000 - 0x00007ffc94099000 	C:\WINDOWS\SYSTEM32\WSOCK32.dll
0x00007ffcba550000 - 0x00007ffcba5c1000 	C:\WINDOWS\System32\WS2_32.dll
0x00007ffcaf7f0000 - 0x00007ffcaf824000 	C:\WINDOWS\SYSTEM32\WINMM.dll
0x00007ffcb7a70000 - 0x00007ffcb7a88000 	C:\WINDOWS\SYSTEM32\kernel.appcore.dll
0x00007ffcafbe0000 - 0x00007ffcafbea000 	C:\Program Files\Java\jdk-19\bin\jimage.dll
0x00007ffca40e0000 - 0x00007ffca430e000 	C:\WINDOWS\SYSTEM32\DBGHELP.DLL
0x00007ffcba6f0000 - 0x00007ffcbaa7a000 	C:\WINDOWS\System32\combase.dll
0x00007ffcb9dc0000 - 0x00007ffcb9e97000 	C:\WINDOWS\System32\OLEAUT32.dll
0x00007ffcb1fd0000 - 0x00007ffcb2002000 	C:\WINDOWS\SYSTEM32\dbgcore.DLL
0x00007ffcb9380000 - 0x00007ffcb93fa000 	C:\WINDOWS\System32\bcryptPrimitives.dll
0x00007ffc87e10000 - 0x00007ffc87e36000 	C:\Program Files\Java\jdk-19\bin\java.dll
0x00007ffc79910000 - 0x00007ffc799e7000 	C:\Program Files\Java\jdk-19\bin\jsvml.dll
0x00007ffcbaa80000 - 0x00007ffcbb2a3000 	C:\WINDOWS\System32\SHELL32.dll
0x00007ffcb6970000 - 0x00007ffcb725a000 	C:\WINDOWS\SYSTEM32\windows.storage.dll
0x00007ffcb6830000 - 0x00007ffcb696e000 	C:\WINDOWS\SYSTEM32\wintypes.dll
0x00007ffcba5d0000 - 0x00007ffcba6c3000 	C:\WINDOWS\System32\SHCORE.dll
0x00007ffcbb480000 - 0x00007ffcbb4de000 	C:\WINDOWS\System32\shlwapi.dll
0x00007ffcb8950000 - 0x00007ffcb8976000 	C:\WINDOWS\SYSTEM32\profapi.dll
0x00007ffc98890000 - 0x00007ffc988a3000 	C:\Program Files\Java\jdk-19\bin\net.dll
0x00007ffcb2c40000 - 0x00007ffcb2d77000 	C:\WINDOWS\SYSTEM32\WINHTTP.dll
0x00007ffcb7ef0000 - 0x00007ffcb7f59000 	C:\WINDOWS\system32\mswsock.dll
0x00007ffc97280000 - 0x00007ffc97296000 	C:\Program Files\Java\jdk-19\bin\nio.dll
0x00007ffc96ec0000 - 0x00007ffc96ed8000 	C:\Program Files\Java\jdk-19\bin\zip.dll
0x00007ffca55d0000 - 0x00007ffca55e0000 	C:\Program Files\Java\jdk-19\bin\verify.dll
0x00007ffc83e20000 - 0x00007ffc83e47000 	C:\Users\karti\.gradle\native\68d5fa5c4cc2d200863cafc0d521ce42e7d3e7ee720ec0a83991735586a16f82\windows-amd64\native-platform.dll
0x00007ffc75640000 - 0x00007ffc75784000 	C:\Users\karti\.gradle\native\e376f236ea51e6404a007f0833ffe2c6e607c4080706a723a18a27aeea778392\windows-amd64\native-platform-file-events.dll
0x00007ffc9f110000 - 0x00007ffc9f11a000 	C:\Program Files\Java\jdk-19\bin\management.dll
0x00007ffc9cc40000 - 0x00007ffc9cc4b000 	C:\Program Files\Java\jdk-19\bin\management_ext.dll
0x00007ffcba540000 - 0x00007ffcba548000 	C:\WINDOWS\System32\PSAPI.DLL
0x00007ffcb8140000 - 0x00007ffcb815b000 	C:\WINDOWS\SYSTEM32\CRYPTSP.dll
0x00007ffcb79e0000 - 0x00007ffcb7a15000 	C:\WINDOWS\system32\rsaenh.dll
0x00007ffcb7fe0000 - 0x00007ffcb800c000 	C:\WINDOWS\SYSTEM32\USERENV.dll
0x00007ffcb83f0000 - 0x00007ffcb8418000 	C:\WINDOWS\SYSTEM32\bcrypt.dll
0x00007ffcb8160000 - 0x00007ffcb816c000 	C:\WINDOWS\SYSTEM32\CRYPTBASE.dll
0x00007ffcb74b0000 - 0x00007ffcb74dd000 	C:\WINDOWS\SYSTEM32\IPHLPAPI.DLL
0x00007ffcb9860000 - 0x00007ffcb9869000 	C:\WINDOWS\System32\NSI.dll
0x00007ffcb2500000 - 0x00007ffcb2519000 	C:\WINDOWS\SYSTEM32\dhcpcsvc6.DLL
0x00007ffcb23a0000 - 0x00007ffcb23bf000 	C:\WINDOWS\SYSTEM32\dhcpcsvc.DLL
0x00007ffcb74e0000 - 0x00007ffcb75d2000 	C:\WINDOWS\SYSTEM32\DNSAPI.dll
0x00007ffc96460000 - 0x00007ffc96468000 	C:\Program Files\Java\jdk-19\bin\extnet.dll
0x00007ffc96450000 - 0x00007ffc9645e000 	C:\Program Files\Java\jdk-19\bin\sunmscapi.dll
0x00007ffcb8ac0000 - 0x00007ffcb8c26000 	C:\WINDOWS\System32\CRYPT32.dll
0x00007ffcb8370000 - 0x00007ffcb839e000 	C:\WINDOWS\SYSTEM32\ncrypt.dll
0x00007ffcb8310000 - 0x00007ffcb8347000 	C:\WINDOWS\SYSTEM32\NTASN1.dll
0x00007ffc94fb0000 - 0x00007ffc94fb8000 	C:\WINDOWS\system32\wshunix.dll

dbghelp: loaded successfully - version: 4.0.5 - missing functions: none
symbol engine: initialized successfully - sym options: 0x614 - pdb path: .;C:\Program Files\Java\jdk-19\bin;C:\WINDOWS\SYSTEM32;C:\WINDOWS\WinSxS\amd64_microsoft.windows.common-controls_6595b64144ccf1df_6.0.22621.2215_none_270d72677387dfc3;C:\Program Files\Java\jdk-19\bin\server;C:\Users\karti\.gradle\native\68d5fa5c4cc2d200863cafc0d521ce42e7d3e7ee720ec0a83991735586a16f82\windows-amd64;C:\Users\karti\.gradle\native\e376f236ea51e6404a007f0833ffe2c6e607c4080706a723a18a27aeea778392\windows-amd64

VM Arguments:
jvm_args: -XX:MaxMetaspaceSize=512m --add-opens=java.base/java.util=ALL-UNNAMED --add-opens=java.base/java.lang=ALL-UNNAMED --add-opens=java.base/java.lang.invoke=ALL-UNNAMED --add-opens=java.prefs/java.util.prefs=ALL-UNNAMED --add-opens=java.base/java.nio.charset=ALL-UNNAMED --add-opens=java.base/java.net=ALL-UNNAMED --add-opens=java.base/java.util.concurrent.atomic=ALL-UNNAMED -Xmx2048m -Dfile.encoding=UTF-8 -Duser.country=IN -Duser.language=en -Duser.variant 
java_command: org.gradle.launcher.daemon.bootstrap.GradleDaemon 8.0.1
java_class_path (initial): C:\Users\karti\.gradle\wrapper\dists\gradle-8.0.1-all\aro4hu1c3oeioove7l0i4i14o\gradle-8.0.1\lib\gradle-launcher-8.0.1.jar
Launcher Type: SUN_STANDARD

[Global flags]
     intx CICompilerCount                          = 4                                         {product} {ergonomic}
   size_t CompressedClassSpaceSize                 = 432013312                                 {product} {ergonomic}
     uint ConcGCThreads                            = 3                                         {product} {ergonomic}
     uint G1ConcRefinementThreads                  = 10                                        {product} {ergonomic}
   size_t G1HeapRegionSize                         = 1048576                                   {product} {ergonomic}
    uintx GCDrainStackTargetSize                   = 64                                        {product} {ergonomic}
   size_t InitialHeapSize                          = 123731968                                 {product} {ergonomic}
   size_t MarkStackSize                            = 4194304                                   {product} {ergonomic}
   size_t MaxHeapSize                              = 2147483648                                {product} {command line}
   size_t MaxMetaspaceSize                         = 536870912                                 {product} {command line}
   size_t MaxNewSize                               = 1287651328                                {product} {ergonomic}
   size_t MinHeapDeltaBytes                        = 1048576                                   {product} {ergonomic}
   size_t MinHeapSize                              = 8388608                                   {product} {ergonomic}
    uintx NonNMethodCodeHeapSize                   = 5839372                                {pd product} {ergonomic}
    uintx NonProfiledCodeHeapSize                  = 122909434                              {pd product} {ergonomic}
    uintx ProfiledCodeHeapSize                     = 122909434                              {pd product} {ergonomic}
    uintx ReservedCodeCacheSize                    = 251658240                              {pd product} {ergonomic}
     bool SegmentedCodeCache                       = true                                      {product} {ergonomic}
   size_t SoftMaxHeapSize                          = 2147483648                             {manageable} {ergonomic}
     bool UseCompressedClassPointers               = true                           {product lp64_product} {ergonomic}
     bool UseCompressedOops                        = true                           {product lp64_product} {ergonomic}
     bool UseG1GC                                  = true                                      {product} {ergonomic}
     bool UseLargePagesIndividualAllocation        = false                                  {pd product} {ergonomic}

Logging:
Log output configuration:
 #0: stdout all=warning uptime,level,tags foldmultilines=false
 #1: stderr all=off uptime,level,tags foldmultilines=false

Environment Variables:
CLASSPATH=E:\react native\Frontend_React_native\android\\gradle\wrapper\gradle-wrapper.jar
PATH=E:\react native\Frontend_React_native\node_modules\.bin;E:\react native\Frontend_React_native\node_modules\.bin;E:\react native\node_modules\.bin;E:\node_modules\.bin;C:\Program Files\nodejs\node_modules\npm\node_modules\@npmcli\run-script\lib\node-gyp-bin;E:\react native\Frontend_React_native\node_modules\.bin;E:\react native\node_modules\.bin;E:\node_modules\.bin;C:\Program Files\nodejs\node_modules\npm\node_modules\@npmcli\run-script\lib\node-gyp-bin;C:\Program Files\PowerShell\7;C:\Program Files\Common Files\Oracle\Java\javapath;C:\Program Files (x86)\Common Files\Oracle\Java\javapath;C:\WINDOWS\system32;C:\WINDOWS;C:\WINDOWS\System32\Wbem;C:\WINDOWS\System32\WindowsPowerShell\v1.0\;C:\WINDOWS\System32\OpenSSH\;C:\Program Files\PowerShell\7\;C:\Program Files\Git\cmd;C:\Program Files\dotnet\;C:\Program Files\nodejs\;C:\Users\karti\AppData\Local\Programs\Python\Python310\Scripts\;C:\Users\karti\AppData\Local\Programs\Python\Python310\;C:\Users\karti\AppData\Local\Android\Sdk\platform-tools;C:\Users\karti\AppData\Local\Android\Sdk\tools;C:\Users\karti\AppData\Local\Android\Sdk\platform-tools;C:\Users\karti\AppData\Local\Android\Sdk\tools;C:\Users\karti\AppData\Local\Android\Sdk\platform-tools;C:\Users\karti\AppData\Local\Android\Sdk\tools;C:\msys64\mingw64\bin;C:\Users\karti\AppData\Local\Programs\Microsoft VS Code\bin;C:\Users\karti\AppData\Local\Microsoft\WindowsApps;C:\Program Files\Java\jdk-19\bin;C:\Users\karti\AppData\Roaming\npm;C:\Program Files\MongoDB\mongosh-1.10.3-win32-x64\bin;C:\Program Files\MongoDB\Server\6.0\bin;
USERNAME=karti
LANG=en_US.UTF-8
OS=Windows_NT
PROCESSOR_IDENTIFIER=AMD64 Family 23 Model 104 Stepping 1, AuthenticAMD
TMP=C:\Users\karti\AppData\Local\Temp
TEMP=C:\Users\karti\AppData\Local\Temp



---------------  S Y S T E M  ---------------

OS:
 Windows 11 , 64 bit Build 22621 (10.0.22621.2215)
OS uptime: 0 days 9:05 hours
Hyper-V role detected

CPU: total 12 (initial active 12) (12 cores per cpu, 2 threads per core) family 23 model 104 stepping 1 microcode 0x0, cx8, cmov, fxsr, ht, mmx, 3dnowpref, sse, sse2, sse3, ssse3, sse4a, sse4.1, sse4.2, popcnt, lzcnt, tsc, tscinvbit, avx, avx2, aes, clmul, bmi1, bmi2, adx, sha, fma, vzeroupper, clflush, clflushopt, hv, rdtscp, rdpid

Memory: 4k page, system-wide physical 7502M (901M free)
TotalPageFile size 15416M (AvailPageFile size 15M)
current process WorkingSet (physical memory assigned to process): 381M, peak: 384M
current process commit charge ("private bytes"): 430M, peak: 433M

vm_info: Java HotSpot(TM) 64-Bit Server VM (19.0.1+10-21) for windows-amd64 JRE (19.0.1+10-21), built on 2022-09-14T12:45:06Z by "mach5one" with MS VC++ 17.1 (VS2022)

END.
